TN:
SF:app\layout.tsx
FN:14,RootLayout
FNF:1
FNH:0
FNDA:0,RootLayout
DA:2,0
DA:3,0
DA:4,0
DA:5,0
DA:7,0
DA:9,0
DA:14,0
DA:15,0
LF:8
LH:0
BRF:0
BRH:0
end_of_record
TN:
SF:app\page.tsx
FN:3,RootPage
FNF:1
FNH:0
FNDA:0,RootPage
DA:1,0
DA:3,0
DA:4,0
LF:3
LH:0
BRF:0
BRH:0
end_of_record
TN:
SF:app\providers.tsx
FN:7,Providers
FNF:1
FNH:0
FNDA:0,Providers
DA:3,0
DA:4,0
DA:5,0
DA:7,0
DA:8,0
LF:5
LH:0
BRF:0
BRH:0
end_of_record
TN:
SF:app\(auth)\login\page.tsx
FN:18,LoginPage
FN:27,(anonymous_1)
FNF:2
FNH:0
FNDA:0,LoginPage
FNDA:0,(anonymous_1)
DA:3,0
DA:4,0
DA:5,0
DA:6,0
DA:7,0
DA:8,0
DA:9,0
DA:11,0
DA:18,0
DA:19,0
DA:20,0
DA:21,0
DA:23,0
DA:27,0
DA:28,0
DA:29,0
DA:30,0
DA:35,0
DA:36,0
DA:37,0
DA:39,0
DA:40,0
DA:44,0
LF:23
LH:0
BRDA:36,0,0,0
BRDA:36,0,1,0
BRDA:36,1,0,0
BRDA:36,1,1,0
BRDA:36,2,0,0
BRDA:36,2,1,0
BRDA:72,3,0,0
BRDA:72,3,1,0
BRDA:86,4,0,0
BRDA:86,4,1,0
BRDA:89,5,0,0
BRDA:89,5,1,0
BRDA:100,6,0,0
BRDA:100,6,1,0
BRDA:101,7,0,0
BRDA:101,7,1,0
BRF:16
BRH:0
end_of_record
TN:
SF:app\(dashboard)\layout.tsx
FN:7,DashboardLayout
FNF:1
FNH:0
FNDA:0,DashboardLayout
DA:1,0
DA:2,0
DA:3,0
DA:4,0
DA:5,0
DA:7,0
DA:8,0
DA:9,0
DA:11,0
DA:15,0
LF:10
LH:0
BRDA:9,0,0,0
BRDA:9,0,1,0
BRF:2
BRH:0
end_of_record
TN:
SF:app\(dashboard)\loading.tsx
FN:1,SkeletonBlock
FN:9,Spinner
FN:15,Loading
FN:24,(anonymous_3)
FN:59,(anonymous_4)
FNF:5
FNH:0
FNDA:0,SkeletonBlock
FNDA:0,Spinner
FNDA:0,Loading
FNDA:0,(anonymous_3)
FNDA:0,(anonymous_4)
DA:2,0
DA:10,0
DA:15,0
DA:16,0
DA:25,0
DA:60,0
LF:6
LH:0
BRDA:1,0,0,0
BRDA:38,1,0,0
BRDA:38,1,1,0
BRF:3
BRH:0
end_of_record
TN:
SF:app\(dashboard)\page.tsx
FN:35,getDashboardData
FN:80,DashboardPage
FN:134,(anonymous_3)
FN:168,(anonymous_4)
FN:220,(anonymous_5)
FNF:5
FNH:0
FNDA:0,getDashboardData
FNDA:0,DashboardPage
FNDA:0,(anonymous_3)
FNDA:0,(anonymous_4)
FNDA:0,(anonymous_5)
DA:1,0
DA:2,0
DA:3,0
DA:7,0
DA:16,0
DA:17,0
DA:19,0
DA:42,0
DA:68,0
DA:80,0
DA:81,0
DA:83,0
DA:135,0
DA:169,0
DA:221,0
LF:15
LH:0
BRDA:118,0,0,0
BRDA:118,0,1,0
BRDA:137,1,0,0
BRDA:137,1,1,0
BRDA:163,2,0,0
BRDA:163,2,1,0
BRDA:203,3,0,0
BRDA:203,3,1,0
BRDA:223,4,0,0
BRDA:223,4,1,0
BRDA:226,5,0,0
BRDA:226,5,1,0
BRDA:227,6,0,0
BRDA:227,6,1,0
BRF:14
BRH:0
end_of_record
TN:
SF:app\(dashboard)\template.tsx
FN:1,DashboardTemplate
FNF:1
FNH:0
FNDA:0,DashboardTemplate
DA:1,0
DA:2,0
LF:2
LH:0
BRF:0
BRH:0
end_of_record
TN:
SF:app\(dashboard)\aparelhos\page.tsx
FN:19,isAllocated
FN:27,(anonymous_1)
FN:37,(anonymous_2)
FN:39,(anonymous_3)
FN:40,(anonymous_4)
FN:44,(anonymous_5)
FN:70,AparelhosPage
FN:97,refresh
FN:97,(anonymous_8)
FN:101,(anonymous_9)
FN:105,fetchData
FN:135,(anonymous_11)
FN:138,(anonymous_12)
FN:142,fetchOverview
FN:165,(anonymous_14)
FN:177,applyOverviewFilter
FN:187,(anonymous_16)
FN:190,(anonymous_17)
FN:199,(anonymous_18)
FN:207,(anonymous_19)
FN:209,(anonymous_20)
FN:213,(anonymous_21)
FN:216,(anonymous_22)
FN:217,(anonymous_23)
FN:218,(anonymous_24)
FN:230,(anonymous_25)
FN:239,(anonymous_26)
FN:248,(anonymous_27)
FN:259,(anonymous_28)
FN:270,(anonymous_29)
FN:281,(anonymous_30)
FN:302,(anonymous_31)
FN:318,(anonymous_32)
FN:320,(anonymous_33)
FNF:34
FNH:0
FNDA:0,isAllocated
FNDA:0,(anonymous_1)
FNDA:0,(anonymous_2)
FNDA:0,(anonymous_3)
FNDA:0,(anonymous_4)
FNDA:0,(anonymous_5)
FNDA:0,AparelhosPage
FNDA:0,refresh
FNDA:0,(anonymous_8)
FNDA:0,(anonymous_9)
FNDA:0,fetchData
FNDA:0,(anonymous_11)
FNDA:0,(anonymous_12)
FNDA:0,fetchOverview
FNDA:0,(anonymous_14)
FNDA:0,applyOverviewFilter
FNDA:0,(anonymous_16)
FNDA:0,(anonymous_17)
FNDA:0,(anonymous_18)
FNDA:0,(anonymous_19)
FNDA:0,(anonymous_20)
FNDA:0,(anonymous_21)
FNDA:0,(anonymous_22)
FNDA:0,(anonymous_23)
FNDA:0,(anonymous_24)
FNDA:0,(anonymous_25)
FNDA:0,(anonymous_26)
FNDA:0,(anonymous_27)
FNDA:0,(anonymous_28)
FNDA:0,(anonymous_29)
FNDA:0,(anonymous_30)
FNDA:0,(anonymous_31)
FNDA:0,(anonymous_32)
FNDA:0,(anonymous_33)
DA:3,0
DA:5,0
DA:6,0
DA:7,0
DA:8,0
DA:9,0
DA:10,0
DA:11,0
DA:12,0
DA:14,0
DA:15,0
DA:16,0
DA:17,0
DA:20,0
DA:23,0
DA:28,0
DA:37,0
DA:39,0
DA:40,0
DA:45,0
DA:46,0
DA:47,0
DA:49,0
DA:50,0
DA:56,0
DA:70,0
DA:71,0
DA:72,0
DA:73,0
DA:74,0
DA:75,0
DA:76,0
DA:77,0
DA:78,0
DA:79,0
DA:80,0
DA:81,0
DA:82,0
DA:86,0
DA:89,0
DA:90,0
DA:91,0
DA:92,0
DA:93,0
DA:94,0
DA:95,0
DA:97,0
DA:98,0
DA:99,0
DA:101,0
DA:102,0
DA:103,0
DA:106,0
DA:112,0
DA:113,0
DA:114,0
DA:115,0
DA:116,0
DA:118,0
DA:119,0
DA:120,0
DA:121,0
DA:122,0
DA:123,0
DA:124,0
DA:125,0
DA:128,0
DA:130,0
DA:134,0
DA:135,0
DA:138,0
DA:139,0
DA:140,0
DA:143,0
DA:144,0
DA:150,0
DA:151,0
DA:152,0
DA:153,0
DA:154,0
DA:155,0
DA:158,0
DA:160,0
DA:164,0
DA:165,0
DA:168,0
DA:171,0
DA:174,0
DA:175,0
DA:178,0
DA:179,0
DA:180,0
DA:181,0
DA:182,0
DA:185,0
DA:187,0
DA:190,0
DA:193,0
DA:194,0
DA:196,0
DA:197,0
DA:198,0
DA:199,0
DA:200,0
DA:201,0
DA:202,0
DA:203,0
DA:207,0
DA:208,0
DA:209,0
DA:210,0
DA:213,0
DA:214,0
DA:215,0
DA:216,0
DA:217,0
DA:221,0
DA:224,0
DA:230,0
DA:239,0
DA:248,0
DA:259,0
DA:270,0
DA:282,0
DA:283,0
DA:284,0
DA:285,0
DA:299,0
DA:302,0
DA:318,0
DA:320,0
LF:131
LH:0
BRDA:20,0,0,0
BRDA:20,0,1,0
BRDA:20,1,0,0
BRDA:20,1,1,0
BRDA:20,2,0,0
BRDA:20,2,1,0
BRDA:20,3,0,0
BRDA:20,3,1,0
BRDA:20,4,0,0
BRDA:20,4,1,0
BRDA:29,5,0,0
BRDA:29,5,1,0
BRDA:37,6,0,0
BRDA:37,6,1,0
BRDA:37,7,0,0
BRDA:37,7,1,0
BRDA:37,8,0,0
BRDA:37,8,1,0
BRDA:37,9,0,0
BRDA:37,9,1,0
BRDA:45,10,0,0
BRDA:45,10,1,0
BRDA:45,11,0,0
BRDA:45,11,1,0
BRDA:46,12,0,0
BRDA:46,12,1,0
BRDA:49,13,0,0
BRDA:49,13,1,0
BRDA:112,14,0,0
BRDA:112,14,1,0
BRDA:113,15,0,0
BRDA:113,15,1,0
BRDA:114,16,0,0
BRDA:114,16,1,0
BRDA:115,17,0,0
BRDA:115,17,1,0
BRDA:116,18,0,0
BRDA:116,18,1,0
BRDA:120,19,0,0
BRDA:120,19,1,0
BRDA:122,20,0,0
BRDA:122,20,1,0
BRDA:130,21,0,0
BRDA:130,21,1,0
BRDA:151,22,0,0
BRDA:151,22,1,0
BRDA:153,23,0,0
BRDA:153,23,1,0
BRDA:160,24,0,0
BRDA:160,24,1,0
BRDA:168,25,0,0
BRDA:168,25,1,0
BRDA:171,26,0,0
BRDA:171,26,1,0
BRDA:174,27,0,0
BRDA:174,27,1,0
BRDA:174,28,0,0
BRDA:174,28,1,0
BRDA:174,29,0,0
BRDA:174,29,1,0
BRDA:174,30,0,0
BRDA:174,30,1,0
BRDA:175,31,0,0
BRDA:175,31,1,0
BRDA:178,32,0,0
BRDA:178,32,1,0
BRDA:189,33,0,0
BRDA:189,33,1,0
BRDA:189,34,0,0
BRDA:189,34,1,0
BRDA:190,35,0,0
BRDA:190,35,1,0
BRDA:190,35,2,0
BRDA:190,36,0,0
BRDA:190,36,1,0
BRDA:190,37,0,0
BRDA:190,37,1,0
BRDA:194,38,0,0
BRDA:194,38,1,0
BRDA:208,39,0,0
BRDA:208,39,1,0
BRDA:208,40,0,0
BRDA:208,40,1,0
BRDA:210,41,0,0
BRDA:210,41,1,0
BRDA:214,42,0,0
BRDA:214,42,1,0
BRDA:216,43,0,0
BRDA:216,43,1,0
BRDA:217,44,0,0
BRDA:217,44,1,0
BRDA:309,45,0,0
BRDA:309,45,1,0
BRDA:317,46,0,0
BRDA:317,46,1,0
BRDA:318,47,0,0
BRDA:318,47,1,0
BRDA:319,48,0,0
BRDA:319,48,1,0
BRF:99
BRH:0
end_of_record
TN:
SF:app\(dashboard)\colaboradores\page.tsx
FN:19,(anonymous_0)
FN:20,(anonymous_1)
FN:24,(anonymous_2)
FN:28,(anonymous_3)
FN:32,ColaboradoresPage
FN:55,(anonymous_5)
FN:69,(anonymous_6)
FN:80,applyOverviewFilter
FN:91,(anonymous_8)
FN:95,(anonymous_9)
FN:99,(anonymous_10)
FN:103,(anonymous_11)
FN:107,(anonymous_12)
FN:111,(anonymous_13)
FN:115,(anonymous_14)
FN:125,(anonymous_15)
FN:133,(anonymous_16)
FN:135,fetchOverview
FN:153,(anonymous_18)
FN:162,(anonymous_19)
FN:169,(anonymous_20)
FN:177,(anonymous_21)
FN:190,(anonymous_22)
FN:212,(anonymous_23)
FN:212,(anonymous_24)
FN:212,(anonymous_25)
FN:213,(anonymous_26)
FN:213,(anonymous_27)
FN:213,(anonymous_28)
FNF:29
FNH:0
FNDA:0,(anonymous_0)
FNDA:0,(anonymous_1)
FNDA:0,(anonymous_2)
FNDA:0,(anonymous_3)
FNDA:0,ColaboradoresPage
FNDA:0,(anonymous_5)
FNDA:0,(anonymous_6)
FNDA:0,applyOverviewFilter
FNDA:0,(anonymous_8)
FNDA:0,(anonymous_9)
FNDA:0,(anonymous_10)
FNDA:0,(anonymous_11)
FNDA:0,(anonymous_12)
FNDA:0,(anonymous_13)
FNDA:0,(anonymous_14)
FNDA:0,(anonymous_15)
FNDA:0,(anonymous_16)
FNDA:0,fetchOverview
FNDA:0,(anonymous_18)
FNDA:0,(anonymous_19)
FNDA:0,(anonymous_20)
FNDA:0,(anonymous_21)
FNDA:0,(anonymous_22)
FNDA:0,(anonymous_23)
FNDA:0,(anonymous_24)
FNDA:0,(anonymous_25)
FNDA:0,(anonymous_26)
FNDA:0,(anonymous_27)
FNDA:0,(anonymous_28)
DA:3,0
DA:4,0
DA:6,0
DA:7,0
DA:8,0
DA:9,0
DA:10,0
DA:11,0
DA:12,0
DA:14,0
DA:15,0
DA:16,0
DA:18,0
DA:19,0
DA:20,0
DA:24,0
DA:28,0
DA:32,0
DA:33,0
DA:35,0
DA:36,0
DA:37,0
DA:38,0
DA:39,0
DA:40,0
DA:41,0
DA:42,0
DA:43,0
DA:44,0
DA:45,0
DA:46,0
DA:47,0
DA:48,0
DA:49,0
DA:53,0
DA:55,0
DA:56,0
DA:57,0
DA:58,0
DA:59,0
DA:60,0
DA:61,0
DA:62,0
DA:63,0
DA:64,0
DA:65,0
DA:66,0
DA:69,0
DA:71,0
DA:74,0
DA:77,0
DA:78,0
DA:81,0
DA:82,0
DA:83,0
DA:84,0
DA:85,0
DA:88,0
DA:91,0
DA:95,0
DA:99,0
DA:103,0
DA:107,0
DA:111,0
DA:115,0
DA:119,0
DA:120,0
DA:122,0
DA:123,0
DA:124,0
DA:125,0
DA:126,0
DA:127,0
DA:128,0
DA:129,0
DA:133,0
DA:134,0
DA:136,0
DA:137,0
DA:138,0
DA:139,0
DA:140,0
DA:141,0
DA:142,0
DA:143,0
DA:146,0
DA:148,0
DA:152,0
DA:153,0
DA:157,0
DA:162,0
DA:170,0
DA:171,0
DA:177,0
DA:187,0
DA:190,0
DA:212,0
DA:213,0
LF:98
LH:0
BRDA:19,0,0,0
BRDA:19,0,1,0
BRDA:24,1,0,0
BRDA:24,1,1,0
BRDA:24,2,0,0
BRDA:24,2,1,0
BRDA:24,3,0,0
BRDA:24,3,1,0
BRDA:24,4,0,0
BRDA:24,4,1,0
BRDA:45,5,0,0
BRDA:45,5,1,0
BRDA:47,6,0,0
BRDA:47,6,1,0
BRDA:58,7,0,0
BRDA:58,7,1,0
BRDA:59,8,0,0
BRDA:59,8,1,0
BRDA:60,9,0,0
BRDA:60,9,1,0
BRDA:71,10,0,0
BRDA:71,10,1,0
BRDA:74,11,0,0
BRDA:74,11,1,0
BRDA:77,12,0,0
BRDA:77,12,1,0
BRDA:77,13,0,0
BRDA:77,13,1,0
BRDA:77,14,0,0
BRDA:77,14,1,0
BRDA:77,15,0,0
BRDA:77,15,1,0
BRDA:78,16,0,0
BRDA:78,16,1,0
BRDA:81,17,0,0
BRDA:81,17,1,0
BRDA:90,18,0,0
BRDA:90,18,1,0
BRDA:90,19,0,0
BRDA:90,19,1,0
BRDA:94,20,0,0
BRDA:94,20,1,0
BRDA:94,21,0,0
BRDA:94,21,1,0
BRDA:95,22,0,0
BRDA:95,22,1,0
BRDA:99,23,0,0
BRDA:99,23,1,0
BRDA:99,23,2,0
BRDA:99,23,3,0
BRDA:120,24,0,0
BRDA:120,24,1,0
BRDA:141,25,0,0
BRDA:141,25,1,0
BRDA:148,26,0,0
BRDA:148,26,1,0
BRDA:196,27,0,0
BRDA:196,27,1,0
BRDA:209,28,0,0
BRDA:209,28,1,0
BRDA:212,29,0,0
BRDA:212,29,1,0
BRDA:213,30,0,0
BRDA:213,30,1,0
BRF:64
BRH:0
end_of_record
TN:
SF:app\(dashboard)\dashboard\page.tsx
FN:20,getDashboardData
FN:102,DashboardPage
FN:186,(anonymous_3)
FN:231,(anonymous_4)
FNF:4
FNH:0
FNDA:0,getDashboardData
FNDA:0,DashboardPage
FNDA:0,(anonymous_3)
FNDA:0,(anonymous_4)
DA:1,0
DA:2,0
DA:3,0
DA:7,0
DA:12,0
DA:13,0
DA:14,0
DA:15,0
DA:16,0
DA:18,0
DA:37,0
DA:81,0
DA:102,0
DA:104,0
DA:106,0
DA:187,0
DA:232,0
LF:17
LH:0
BRDA:176,0,0,0
BRDA:176,0,1,0
BRDA:195,1,0,0
BRDA:195,1,1,0
BRDA:198,2,0,0
BRDA:198,2,1,0
BRDA:226,3,0,0
BRDA:226,3,1,0
BRF:8
BRH:0
end_of_record
TN:
SF:app\(dashboard)\impressoras\page.tsx
FN:25,(anonymous_0)
FN:32,(anonymous_1)
FN:37,(anonymous_2)
FN:42,(anonymous_3)
FN:47,(anonymous_4)
FN:52,(anonymous_5)
FN:57,(anonymous_6)
FN:62,(anonymous_7)
FN:72,isMissing
FN:76,isRevisionStale
FN:83,hasMissingPrinterData
FN:93,ImpressorasPage
FN:115,(anonymous_12)
FN:129,(anonymous_13)
FN:144,applyOverviewFilter
FN:159,(anonymous_15)
FN:164,(anonymous_16)
FN:168,(anonymous_17)
FN:176,(anonymous_18)
FN:180,(anonymous_19)
FN:184,(anonymous_20)
FN:189,(anonymous_21)
FN:196,(anonymous_22)
FN:200,(anonymous_23)
FN:214,(anonymous_24)
FN:222,(anonymous_25)
FN:224,fetchOverview
FN:247,(anonymous_27)
FN:258,(anonymous_28)
FN:268,(anonymous_29)
FN:276,(anonymous_30)
FN:285,(anonymous_31)
FN:303,(anonymous_32)
FN:329,(anonymous_33)
FN:330,(anonymous_34)
FN:330,(anonymous_35)
FN:335,(anonymous_36)
FN:336,(anonymous_37)
FN:336,(anonymous_38)
FNF:39
FNH:0
FNDA:0,(anonymous_0)
FNDA:0,(anonymous_1)
FNDA:0,(anonymous_2)
FNDA:0,(anonymous_3)
FNDA:0,(anonymous_4)
FNDA:0,(anonymous_5)
FNDA:0,(anonymous_6)
FNDA:0,(anonymous_7)
FNDA:0,isMissing
FNDA:0,isRevisionStale
FNDA:0,hasMissingPrinterData
FNDA:0,ImpressorasPage
FNDA:0,(anonymous_12)
FNDA:0,(anonymous_13)
FNDA:0,applyOverviewFilter
FNDA:0,(anonymous_15)
FNDA:0,(anonymous_16)
FNDA:0,(anonymous_17)
FNDA:0,(anonymous_18)
FNDA:0,(anonymous_19)
FNDA:0,(anonymous_20)
FNDA:0,(anonymous_21)
FNDA:0,(anonymous_22)
FNDA:0,(anonymous_23)
FNDA:0,(anonymous_24)
FNDA:0,(anonymous_25)
FNDA:0,fetchOverview
FNDA:0,(anonymous_27)
FNDA:0,(anonymous_28)
FNDA:0,(anonymous_29)
FNDA:0,(anonymous_30)
FNDA:0,(anonymous_31)
FNDA:0,(anonymous_32)
FNDA:0,(anonymous_33)
FNDA:0,(anonymous_34)
FNDA:0,(anonymous_35)
FNDA:0,(anonymous_36)
FNDA:0,(anonymous_37)
FNDA:0,(anonymous_38)
DA:3,0
DA:5,0
DA:6,0
DA:11,0
DA:12,0
DA:13,0
DA:14,0
DA:16,0
DA:17,0
DA:18,0
DA:19,0
DA:21,0
DA:26,0
DA:32,0
DA:37,0
DA:42,0
DA:47,0
DA:52,0
DA:57,0
DA:63,0
DA:73,0
DA:77,0
DA:78,0
DA:79,0
DA:80,0
DA:84,0
DA:93,0
DA:94,0
DA:95,0
DA:96,0
DA:97,0
DA:98,0
DA:99,0
DA:100,0
DA:101,0
DA:102,0
DA:103,0
DA:104,0
DA:105,0
DA:106,0
DA:107,0
DA:108,0
DA:109,0
DA:113,0
DA:115,0
DA:116,0
DA:117,0
DA:118,0
DA:119,0
DA:120,0
DA:121,0
DA:122,0
DA:123,0
DA:124,0
DA:125,0
DA:126,0
DA:129,0
DA:130,0
DA:133,0
DA:136,0
DA:139,0
DA:140,0
DA:145,0
DA:146,0
DA:147,0
DA:148,0
DA:149,0
DA:155,0
DA:160,0
DA:164,0
DA:168,0
DA:176,0
DA:180,0
DA:185,0
DA:190,0
DA:196,0
DA:200,0
DA:204,0
DA:205,0
DA:208,0
DA:210,0
DA:213,0
DA:214,0
DA:215,0
DA:216,0
DA:217,0
DA:218,0
DA:222,0
DA:223,0
DA:225,0
DA:226,0
DA:227,0
DA:233,0
DA:234,0
DA:235,0
DA:236,0
DA:237,0
DA:240,0
DA:242,0
DA:246,0
DA:247,0
DA:248,0
DA:253,0
DA:259,0
DA:260,0
DA:269,0
DA:270,0
DA:277,0
DA:278,0
DA:286,0
DA:287,0
DA:298,0
DA:303,0
DA:329,0
DA:330,0
DA:335,0
DA:336,0
LF:117
LH:0
BRDA:26,0,0,0
BRDA:26,0,1,0
BRDA:32,1,0,0
BRDA:32,1,1,0
BRDA:37,2,0,0
BRDA:37,2,1,0
BRDA:42,3,0,0
BRDA:42,3,1,0
BRDA:47,4,0,0
BRDA:47,4,1,0
BRDA:52,5,0,0
BRDA:52,5,1,0
BRDA:52,6,0,0
BRDA:52,6,1,0
BRDA:52,7,0,0
BRDA:52,7,1,0
BRDA:52,8,0,0
BRDA:52,8,1,0
BRDA:57,9,0,0
BRDA:57,9,1,0
BRDA:73,10,0,0
BRDA:73,10,1,0
BRDA:73,10,2,0
BRDA:77,11,0,0
BRDA:77,11,1,0
BRDA:79,12,0,0
BRDA:79,12,1,0
BRDA:118,13,0,0
BRDA:118,13,1,0
BRDA:119,14,0,0
BRDA:119,14,1,0
BRDA:120,15,0,0
BRDA:120,15,1,0
BRDA:133,16,0,0
BRDA:133,16,1,0
BRDA:136,17,0,0
BRDA:136,17,1,0
BRDA:139,18,0,0
BRDA:139,18,1,0
BRDA:139,19,0,0
BRDA:139,19,1,0
BRDA:139,20,0,0
BRDA:139,20,1,0
BRDA:139,21,0,0
BRDA:139,21,1,0
BRDA:140,22,0,0
BRDA:140,22,1,0
BRDA:145,23,0,0
BRDA:145,23,1,0
BRDA:158,24,0,0
BRDA:158,24,1,0
BRDA:160,25,0,0
BRDA:160,25,1,0
BRDA:185,26,0,0
BRDA:185,26,1,0
BRDA:190,27,0,0
BRDA:190,27,1,0
BRDA:190,27,2,0
BRDA:195,28,0,0
BRDA:195,28,1,0
BRDA:195,29,0,0
BRDA:195,29,1,0
BRDA:196,30,0,0
BRDA:196,30,1,0
BRDA:199,31,0,0
BRDA:199,31,1,0
BRDA:199,32,0,0
BRDA:199,32,1,0
BRDA:200,33,0,0
BRDA:200,33,1,0
BRDA:205,34,0,0
BRDA:205,34,1,0
BRDA:235,35,0,0
BRDA:235,35,1,0
BRDA:242,36,0,0
BRDA:242,36,1,0
BRDA:310,37,0,0
BRDA:310,37,1,0
BRDA:323,38,0,0
BRDA:323,38,1,0
BRDA:326,39,0,0
BRDA:326,39,1,0
BRDA:333,40,0,0
BRDA:333,40,1,0
BRF:84
BRH:0
end_of_record
TN:
SF:app\(dashboard)\maquinas\page.tsx
FN:17,isAllocated
FN:21,MaquinasPage
FN:51,refresh
FN:51,(anonymous_3)
FN:53,(anonymous_4)
FN:57,fetchData
FN:87,(anonymous_6)
FN:90,(anonymous_7)
FN:94,fetchOverview
FN:117,(anonymous_9)
FN:129,applyOverviewFilter
FN:139,(anonymous_11)
FN:142,(anonymous_12)
FN:151,(anonymous_13)
FN:159,(anonymous_14)
FN:161,(anonymous_15)
FN:165,(anonymous_16)
FN:168,(anonymous_17)
FN:169,(anonymous_18)
FN:170,(anonymous_19)
FN:173,(anonymous_20)
FN:177,(anonymous_21)
FN:187,(anonymous_22)
FN:192,(anonymous_23)
FN:197,(anonymous_24)
FN:202,(anonymous_25)
FN:237,(anonymous_26)
FN:246,(anonymous_27)
FN:256,(anonymous_28)
FN:267,(anonymous_29)
FN:275,(anonymous_30)
FN:286,(anonymous_31)
FN:308,(anonymous_32)
FN:339,(anonymous_33)
FN:345,(anonymous_34)
FNF:35
FNH:0
FNDA:0,isAllocated
FNDA:0,MaquinasPage
FNDA:0,refresh
FNDA:0,(anonymous_3)
FNDA:0,(anonymous_4)
FNDA:0,fetchData
FNDA:0,(anonymous_6)
FNDA:0,(anonymous_7)
FNDA:0,fetchOverview
FNDA:0,(anonymous_9)
FNDA:0,applyOverviewFilter
FNDA:0,(anonymous_11)
FNDA:0,(anonymous_12)
FNDA:0,(anonymous_13)
FNDA:0,(anonymous_14)
FNDA:0,(anonymous_15)
FNDA:0,(anonymous_16)
FNDA:0,(anonymous_17)
FNDA:0,(anonymous_18)
FNDA:0,(anonymous_19)
FNDA:0,(anonymous_20)
FNDA:0,(anonymous_21)
FNDA:0,(anonymous_22)
FNDA:0,(anonymous_23)
FNDA:0,(anonymous_24)
FNDA:0,(anonymous_25)
FNDA:0,(anonymous_26)
FNDA:0,(anonymous_27)
FNDA:0,(anonymous_28)
FNDA:0,(anonymous_29)
FNDA:0,(anonymous_30)
FNDA:0,(anonymous_31)
FNDA:0,(anonymous_32)
FNDA:0,(anonymous_33)
FNDA:0,(anonymous_34)
DA:3,0
DA:5,0
DA:6,0
DA:7,0
DA:8,0
DA:9,0
DA:10,0
DA:11,0
DA:12,0
DA:13,0
DA:15,0
DA:18,0
DA:21,0
DA:22,0
DA:23,0
DA:24,0
DA:25,0
DA:26,0
DA:27,0
DA:28,0
DA:29,0
DA:30,0
DA:31,0
DA:32,0
DA:33,0
DA:37,0
DA:40,0
DA:41,0
DA:42,0
DA:43,0
DA:44,0
DA:45,0
DA:46,0
DA:48,0
DA:49,0
DA:51,0
DA:53,0
DA:54,0
DA:55,0
DA:58,0
DA:64,0
DA:65,0
DA:66,0
DA:67,0
DA:68,0
DA:70,0
DA:71,0
DA:72,0
DA:73,0
DA:74,0
DA:75,0
DA:76,0
DA:77,0
DA:80,0
DA:82,0
DA:86,0
DA:87,0
DA:90,0
DA:91,0
DA:92,0
DA:95,0
DA:96,0
DA:102,0
DA:103,0
DA:104,0
DA:105,0
DA:106,0
DA:107,0
DA:110,0
DA:112,0
DA:116,0
DA:117,0
DA:120,0
DA:123,0
DA:126,0
DA:127,0
DA:130,0
DA:131,0
DA:132,0
DA:133,0
DA:134,0
DA:137,0
DA:139,0
DA:142,0
DA:145,0
DA:146,0
DA:148,0
DA:149,0
DA:150,0
DA:151,0
DA:152,0
DA:153,0
DA:154,0
DA:155,0
DA:159,0
DA:160,0
DA:161,0
DA:162,0
DA:165,0
DA:166,0
DA:167,0
DA:168,0
DA:169,0
DA:173,0
DA:178,0
DA:187,0
DA:192,0
DA:197,0
DA:203,0
DA:204,0
DA:205,0
DA:207,0
DA:208,0
DA:214,0
DA:228,0
DA:231,0
DA:237,0
DA:247,0
DA:248,0
DA:256,0
DA:267,0
DA:275,0
DA:287,0
DA:288,0
DA:289,0
DA:290,0
DA:303,0
DA:308,0
DA:339,0
DA:345,0
LF:130
LH:0
BRDA:18,0,0,0
BRDA:18,0,1,0
BRDA:18,1,0,0
BRDA:18,1,1,0
BRDA:18,2,0,0
BRDA:18,2,1,0
BRDA:18,3,0,0
BRDA:18,3,1,0
BRDA:18,4,0,0
BRDA:18,4,1,0
BRDA:64,5,0,0
BRDA:64,5,1,0
BRDA:65,6,0,0
BRDA:65,6,1,0
BRDA:66,7,0,0
BRDA:66,7,1,0
BRDA:67,8,0,0
BRDA:67,8,1,0
BRDA:68,9,0,0
BRDA:68,9,1,0
BRDA:72,10,0,0
BRDA:72,10,1,0
BRDA:74,11,0,0
BRDA:74,11,1,0
BRDA:82,12,0,0
BRDA:82,12,1,0
BRDA:103,13,0,0
BRDA:103,13,1,0
BRDA:105,14,0,0
BRDA:105,14,1,0
BRDA:112,15,0,0
BRDA:112,15,1,0
BRDA:120,16,0,0
BRDA:120,16,1,0
BRDA:123,17,0,0
BRDA:123,17,1,0
BRDA:126,18,0,0
BRDA:126,18,1,0
BRDA:126,19,0,0
BRDA:126,19,1,0
BRDA:126,20,0,0
BRDA:126,20,1,0
BRDA:126,21,0,0
BRDA:126,21,1,0
BRDA:127,22,0,0
BRDA:127,22,1,0
BRDA:130,23,0,0
BRDA:130,23,1,0
BRDA:141,24,0,0
BRDA:141,24,1,0
BRDA:141,25,0,0
BRDA:141,25,1,0
BRDA:142,26,0,0
BRDA:142,26,1,0
BRDA:142,26,2,0
BRDA:142,27,0,0
BRDA:142,27,1,0
BRDA:142,28,0,0
BRDA:142,28,1,0
BRDA:146,29,0,0
BRDA:146,29,1,0
BRDA:160,30,0,0
BRDA:160,30,1,0
BRDA:160,31,0,0
BRDA:160,31,1,0
BRDA:162,32,0,0
BRDA:162,32,1,0
BRDA:166,33,0,0
BRDA:166,33,1,0
BRDA:168,34,0,0
BRDA:168,34,1,0
BRDA:169,35,0,0
BRDA:169,35,1,0
BRDA:179,36,0,0
BRDA:179,36,1,0
BRDA:179,36,2,0
BRDA:180,37,0,0
BRDA:180,37,1,0
BRDA:180,37,2,0
BRDA:187,38,0,0
BRDA:187,38,1,0
BRDA:197,39,0,0
BRDA:197,39,1,0
BRDA:197,40,0,0
BRDA:197,40,1,0
BRDA:197,41,0,0
BRDA:197,41,1,0
BRDA:197,42,0,0
BRDA:197,42,1,0
BRDA:203,43,0,0
BRDA:203,43,1,0
BRDA:203,44,0,0
BRDA:203,44,1,0
BRDA:204,45,0,0
BRDA:204,45,1,0
BRDA:207,46,0,0
BRDA:207,46,1,0
BRDA:317,47,0,0
BRDA:317,47,1,0
BRDA:332,48,0,0
BRDA:332,48,1,0
BRDA:336,49,0,0
BRDA:336,49,1,0
BRDA:343,50,0,0
BRDA:343,50,1,0
BRF:105
BRH:0
end_of_record
TN:
SF:app\(dashboard)\movimentacoes\page.tsx
FN:15,AcaoBadge
FN:23,MovimentacoesPage
FN:57,applyOverviewFilter
FN:65,(anonymous_3)
FN:69,(anonymous_4)
FN:73,(anonymous_5)
FN:77,(anonymous_6)
FN:81,(anonymous_7)
FN:91,(anonymous_8)
FN:99,(anonymous_9)
FN:101,fetchOverview
FN:119,(anonymous_11)
FN:122,(anonymous_12)
FN:126,(anonymous_13)
FN:141,(anonymous_14)
FN:146,(anonymous_15)
FN:147,(anonymous_16)
FN:155,(anonymous_17)
FN:164,(anonymous_18)
FN:172,(anonymous_19)
FN:175,(anonymous_20)
FN:176,(anonymous_21)
FN:177,(anonymous_22)
FN:186,(anonymous_23)
FN:190,(anonymous_24)
FN:197,(anonymous_25)
FN:213,(anonymous_26)
FN:251,(anonymous_27)
FNF:28
FNH:0
FNDA:0,AcaoBadge
FNDA:0,MovimentacoesPage
FNDA:0,applyOverviewFilter
FNDA:0,(anonymous_3)
FNDA:0,(anonymous_4)
FNDA:0,(anonymous_5)
FNDA:0,(anonymous_6)
FNDA:0,(anonymous_7)
FNDA:0,(anonymous_8)
FNDA:0,(anonymous_9)
FNDA:0,fetchOverview
FNDA:0,(anonymous_11)
FNDA:0,(anonymous_12)
FNDA:0,(anonymous_13)
FNDA:0,(anonymous_14)
FNDA:0,(anonymous_15)
FNDA:0,(anonymous_16)
FNDA:0,(anonymous_17)
FNDA:0,(anonymous_18)
FNDA:0,(anonymous_19)
FNDA:0,(anonymous_20)
FNDA:0,(anonymous_21)
FNDA:0,(anonymous_22)
FNDA:0,(anonymous_23)
FNDA:0,(anonymous_24)
FNDA:0,(anonymous_25)
FNDA:0,(anonymous_26)
FNDA:0,(anonymous_27)
DA:3,0
DA:5,0
DA:6,0
DA:7,0
DA:8,0
DA:9,0
DA:10,0
DA:11,0
DA:12,0
DA:13,0
DA:16,0
DA:23,0
DA:24,0
DA:25,0
DA:26,0
DA:27,0
DA:28,0
DA:29,0
DA:30,0
DA:31,0
DA:32,0
DA:33,0
DA:37,0
DA:38,0
DA:39,0
DA:41,0
DA:48,0
DA:51,0
DA:54,0
DA:55,0
DA:58,0
DA:59,0
DA:60,0
DA:61,0
DA:62,0
DA:65,0
DA:66,0
DA:69,0
DA:73,0
DA:77,0
DA:81,0
DA:85,0
DA:86,0
DA:88,0
DA:89,0
DA:90,0
DA:91,0
DA:92,0
DA:93,0
DA:94,0
DA:95,0
DA:99,0
DA:100,0
DA:102,0
DA:103,0
DA:104,0
DA:105,0
DA:106,0
DA:107,0
DA:108,0
DA:109,0
DA:112,0
DA:114,0
DA:118,0
DA:119,0
DA:122,0
DA:127,0
DA:128,0
DA:129,0
DA:130,0
DA:141,0
DA:147,0
DA:149,0
DA:156,0
DA:165,0
DA:172,0
DA:173,0
DA:174,0
DA:175,0
DA:176,0
DA:180,0
DA:183,0
DA:186,0
DA:191,0
DA:197,0
DA:213,0
DA:221,0
DA:251,0
LF:88
LH:0
BRDA:17,0,0,0
BRDA:17,0,1,0
BRDA:18,1,0,0
BRDA:18,1,1,0
BRDA:48,2,0,0
BRDA:48,2,1,0
BRDA:51,3,0,0
BRDA:51,3,1,0
BRDA:54,4,0,0
BRDA:54,4,1,0
BRDA:54,5,0,0
BRDA:54,5,1,0
BRDA:54,6,0,0
BRDA:54,6,1,0
BRDA:54,7,0,0
BRDA:54,7,1,0
BRDA:55,8,0,0
BRDA:55,8,1,0
BRDA:58,9,0,0
BRDA:58,9,1,0
BRDA:65,10,0,0
BRDA:65,10,1,0
BRDA:65,11,0,0
BRDA:65,11,1,0
BRDA:65,12,0,0
BRDA:65,12,1,0
BRDA:65,13,0,0
BRDA:65,13,1,0
BRDA:69,14,0,0
BRDA:69,14,1,0
BRDA:72,15,0,0
BRDA:72,15,1,0
BRDA:72,16,0,0
BRDA:72,16,1,0
BRDA:72,17,0,0
BRDA:72,17,1,0
BRDA:72,18,0,0
BRDA:72,18,1,0
BRDA:80,19,0,0
BRDA:80,19,1,0
BRDA:80,20,0,0
BRDA:80,20,1,0
BRDA:81,21,0,0
BRDA:81,21,1,0
BRDA:86,22,0,0
BRDA:86,22,1,0
BRDA:107,23,0,0
BRDA:107,23,1,0
BRDA:108,24,0,0
BRDA:108,24,1,0
BRDA:108,25,0,0
BRDA:108,25,1,0
BRDA:109,26,0,0
BRDA:109,26,1,0
BRDA:109,27,0,0
BRDA:109,27,1,0
BRDA:114,28,0,0
BRDA:114,28,1,0
BRDA:128,29,0,0
BRDA:128,29,1,0
BRDA:147,30,0,0
BRDA:147,30,1,0
BRDA:147,31,0,0
BRDA:147,31,1,0
BRDA:147,32,0,0
BRDA:147,32,1,0
BRDA:157,33,0,0
BRDA:157,33,1,0
BRDA:166,34,0,0
BRDA:166,34,1,0
BRDA:173,35,0,0
BRDA:173,35,1,0
BRDA:176,36,0,0
BRDA:176,36,1,0
BRDA:176,37,0,0
BRDA:176,37,1,0
BRDA:176,38,0,0
BRDA:176,38,1,0
BRDA:230,39,0,0
BRDA:230,39,1,0
BRDA:244,40,0,0
BRDA:244,40,1,0
BRDA:248,41,0,0
BRDA:248,41,1,0
BRF:84
BRH:0
end_of_record
TN:
SF:app\(dashboard)\notebooks\page.tsx
FN:18,isAllocated
FN:26,(anonymous_1)
FN:33,(anonymous_2)
FN:34,(anonymous_3)
FN:38,(anonymous_4)
FN:43,(anonymous_5)
FN:50,(anonymous_6)
FN:76,NotebooksPage
FN:106,refresh
FN:106,(anonymous_9)
FN:108,(anonymous_10)
FN:137,(anonymous_11)
FN:141,(anonymous_12)
FN:144,(anonymous_13)
FN:148,fetchOverview
FN:171,(anonymous_15)
FN:183,applyOverviewFilter
FN:193,(anonymous_17)
FN:196,(anonymous_18)
FN:205,(anonymous_19)
FN:213,(anonymous_20)
FN:215,(anonymous_21)
FN:220,(anonymous_22)
FN:223,(anonymous_23)
FN:224,(anonymous_24)
FN:225,(anonymous_25)
FN:237,(anonymous_26)
FN:246,(anonymous_27)
FN:256,(anonymous_28)
FN:267,(anonymous_29)
FN:275,(anonymous_30)
FN:286,(anonymous_31)
FN:307,(anonymous_32)
FN:323,(anonymous_33)
FN:324,(anonymous_34)
FNF:35
FNH:0
FNDA:0,isAllocated
FNDA:0,(anonymous_1)
FNDA:0,(anonymous_2)
FNDA:0,(anonymous_3)
FNDA:0,(anonymous_4)
FNDA:0,(anonymous_5)
FNDA:0,(anonymous_6)
FNDA:0,NotebooksPage
FNDA:0,refresh
FNDA:0,(anonymous_9)
FNDA:0,(anonymous_10)
FNDA:0,(anonymous_11)
FNDA:0,(anonymous_12)
FNDA:0,(anonymous_13)
FNDA:0,fetchOverview
FNDA:0,(anonymous_15)
FNDA:0,applyOverviewFilter
FNDA:0,(anonymous_17)
FNDA:0,(anonymous_18)
FNDA:0,(anonymous_19)
FNDA:0,(anonymous_20)
FNDA:0,(anonymous_21)
FNDA:0,(anonymous_22)
FNDA:0,(anonymous_23)
FNDA:0,(anonymous_24)
FNDA:0,(anonymous_25)
FNDA:0,(anonymous_26)
FNDA:0,(anonymous_27)
FNDA:0,(anonymous_28)
FNDA:0,(anonymous_29)
FNDA:0,(anonymous_30)
FNDA:0,(anonymous_31)
FNDA:0,(anonymous_32)
FNDA:0,(anonymous_33)
FNDA:0,(anonymous_34)
DA:3,0
DA:5,0
DA:6,0
DA:7,0
DA:8,0
DA:9,0
DA:10,0
DA:11,0
DA:13,0
DA:14,0
DA:15,0
DA:16,0
DA:19,0
DA:22,0
DA:27,0
DA:33,0
DA:34,0
DA:38,0
DA:43,0
DA:51,0
DA:52,0
DA:53,0
DA:55,0
DA:56,0
DA:62,0
DA:76,0
DA:77,0
DA:78,0
DA:79,0
DA:80,0
DA:81,0
DA:82,0
DA:83,0
DA:84,0
DA:85,0
DA:86,0
DA:87,0
DA:88,0
DA:92,0
DA:95,0
DA:96,0
DA:97,0
DA:98,0
DA:99,0
DA:100,0
DA:101,0
DA:103,0
DA:104,0
DA:105,0
DA:106,0
DA:108,0
DA:109,0
DA:115,0
DA:116,0
DA:117,0
DA:118,0
DA:119,0
DA:121,0
DA:122,0
DA:123,0
DA:124,0
DA:125,0
DA:126,0
DA:127,0
DA:128,0
DA:131,0
DA:133,0
DA:137,0
DA:138,0
DA:139,0
DA:140,0
DA:141,0
DA:144,0
DA:145,0
DA:146,0
DA:149,0
DA:150,0
DA:156,0
DA:157,0
DA:158,0
DA:159,0
DA:160,0
DA:161,0
DA:164,0
DA:166,0
DA:170,0
DA:171,0
DA:174,0
DA:177,0
DA:180,0
DA:181,0
DA:184,0
DA:185,0
DA:186,0
DA:187,0
DA:188,0
DA:191,0
DA:193,0
DA:196,0
DA:199,0
DA:200,0
DA:202,0
DA:203,0
DA:204,0
DA:205,0
DA:206,0
DA:207,0
DA:208,0
DA:209,0
DA:213,0
DA:214,0
DA:215,0
DA:216,0
DA:220,0
DA:221,0
DA:222,0
DA:223,0
DA:224,0
DA:228,0
DA:231,0
DA:237,0
DA:247,0
DA:248,0
DA:256,0
DA:267,0
DA:275,0
DA:287,0
DA:288,0
DA:289,0
DA:290,0
DA:304,0
DA:307,0
DA:323,0
DA:324,0
LF:134
LH:0
BRDA:19,0,0,0
BRDA:19,0,1,0
BRDA:19,1,0,0
BRDA:19,1,1,0
BRDA:19,2,0,0
BRDA:19,2,1,0
BRDA:19,3,0,0
BRDA:19,3,1,0
BRDA:19,4,0,0
BRDA:19,4,1,0
BRDA:28,5,0,0
BRDA:28,5,1,0
BRDA:28,5,2,0
BRDA:29,6,0,0
BRDA:29,6,1,0
BRDA:33,7,0,0
BRDA:33,7,1,0
BRDA:38,8,0,0
BRDA:38,8,1,0
BRDA:38,9,0,0
BRDA:38,9,1,0
BRDA:38,10,0,0
BRDA:38,10,1,0
BRDA:38,11,0,0
BRDA:38,11,1,0
BRDA:43,12,0,0
BRDA:43,12,1,0
BRDA:51,13,0,0
BRDA:51,13,1,0
BRDA:51,14,0,0
BRDA:51,14,1,0
BRDA:52,15,0,0
BRDA:52,15,1,0
BRDA:55,16,0,0
BRDA:55,16,1,0
BRDA:115,17,0,0
BRDA:115,17,1,0
BRDA:116,18,0,0
BRDA:116,18,1,0
BRDA:117,19,0,0
BRDA:117,19,1,0
BRDA:118,20,0,0
BRDA:118,20,1,0
BRDA:119,21,0,0
BRDA:119,21,1,0
BRDA:123,22,0,0
BRDA:123,22,1,0
BRDA:125,23,0,0
BRDA:125,23,1,0
BRDA:133,24,0,0
BRDA:133,24,1,0
BRDA:157,25,0,0
BRDA:157,25,1,0
BRDA:159,26,0,0
BRDA:159,26,1,0
BRDA:166,27,0,0
BRDA:166,27,1,0
BRDA:174,28,0,0
BRDA:174,28,1,0
BRDA:177,29,0,0
BRDA:177,29,1,0
BRDA:180,30,0,0
BRDA:180,30,1,0
BRDA:180,31,0,0
BRDA:180,31,1,0
BRDA:180,32,0,0
BRDA:180,32,1,0
BRDA:180,33,0,0
BRDA:180,33,1,0
BRDA:181,34,0,0
BRDA:181,34,1,0
BRDA:184,35,0,0
BRDA:184,35,1,0
BRDA:195,36,0,0
BRDA:195,36,1,0
BRDA:195,37,0,0
BRDA:195,37,1,0
BRDA:196,38,0,0
BRDA:196,38,1,0
BRDA:196,38,2,0
BRDA:196,39,0,0
BRDA:196,39,1,0
BRDA:196,40,0,0
BRDA:196,40,1,0
BRDA:200,41,0,0
BRDA:200,41,1,0
BRDA:214,42,0,0
BRDA:214,42,1,0
BRDA:214,43,0,0
BRDA:214,43,1,0
BRDA:216,44,0,0
BRDA:216,44,1,0
BRDA:221,45,0,0
BRDA:221,45,1,0
BRDA:223,46,0,0
BRDA:223,46,1,0
BRDA:224,47,0,0
BRDA:224,47,1,0
BRDA:314,48,0,0
BRDA:314,48,1,0
BRDA:322,49,0,0
BRDA:322,49,1,0
BRDA:323,50,0,0
BRDA:323,50,1,0
BRDA:324,51,0,0
BRDA:324,51,1,0
BRF:106
BRH:0
end_of_record
TN:
SF:app\(dashboard)\racks\page.tsx
FN:17,(anonymous_1)
FN:18,(anonymous_2)
FN:19,(anonymous_3)
FN:20,(anonymous_4)
FN:21,(anonymous_5)
FN:22,(anonymous_6)
FN:23,(anonymous_7)
FN:34,getRackOccupancy
FN:39,RacksPage
FN:58,refresh
FN:58,(anonymous_11)
FN:60,(anonymous_12)
FN:71,(anonymous_13)
FN:82,applyOverviewFilter
FN:93,(anonymous_15)
FN:97,(anonymous_16)
FN:101,(anonymous_17)
FN:105,(anonymous_18)
FN:109,(anonymous_19)
FN:119,(anonymous_20)
FN:127,(anonymous_21)
FN:129,fetchOverview
FN:147,(anonymous_23)
FN:154,(anonymous_24)
FN:157,(anonymous_25)
FN:165,(anonymous_26)
FN:179,(anonymous_27)
FN:181,(anonymous_28)
FNF:28
FNH:0
FNDA:0,(anonymous_1)
FNDA:0,(anonymous_2)
FNDA:0,(anonymous_3)
FNDA:0,(anonymous_4)
FNDA:0,(anonymous_5)
FNDA:0,(anonymous_6)
FNDA:0,(anonymous_7)
FNDA:0,getRackOccupancy
FNDA:0,RacksPage
FNDA:0,refresh
FNDA:0,(anonymous_11)
FNDA:0,(anonymous_12)
FNDA:0,(anonymous_13)
FNDA:0,applyOverviewFilter
FNDA:0,(anonymous_15)
FNDA:0,(anonymous_16)
FNDA:0,(anonymous_17)
FNDA:0,(anonymous_18)
FNDA:0,(anonymous_19)
FNDA:0,(anonymous_20)
FNDA:0,(anonymous_21)
FNDA:0,fetchOverview
FNDA:0,(anonymous_23)
FNDA:0,(anonymous_24)
FNDA:0,(anonymous_25)
FNDA:0,(anonymous_26)
FNDA:0,(anonymous_27)
FNDA:0,(anonymous_28)
DA:2,0
DA:4,0
DA:6,0
DA:7,0
DA:8,0
DA:9,0
DA:10,0
DA:12,0
DA:13,0
DA:14,0
DA:16,0
DA:17,0
DA:18,0
DA:19,0
DA:20,0
DA:21,0
DA:22,0
DA:24,0
DA:25,0
DA:26,0
DA:35,0
DA:36,0
DA:39,0
DA:40,0
DA:41,0
DA:42,0
DA:43,0
DA:44,0
DA:45,0
DA:46,0
DA:47,0
DA:48,0
DA:49,0
DA:50,0
DA:51,0
DA:52,0
DA:53,0
DA:57,0
DA:58,0
DA:60,0
DA:61,0
DA:62,0
DA:63,0
DA:64,0
DA:65,0
DA:66,0
DA:67,0
DA:68,0
DA:71,0
DA:73,0
DA:76,0
DA:79,0
DA:80,0
DA:83,0
DA:84,0
DA:85,0
DA:86,0
DA:87,0
DA:90,0
DA:93,0
DA:97,0
DA:101,0
DA:105,0
DA:109,0
DA:113,0
DA:114,0
DA:116,0
DA:117,0
DA:118,0
DA:119,0
DA:120,0
DA:121,0
DA:122,0
DA:123,0
DA:127,0
DA:128,0
DA:130,0
DA:131,0
DA:132,0
DA:133,0
DA:134,0
DA:135,0
DA:136,0
DA:137,0
DA:140,0
DA:142,0
DA:146,0
DA:147,0
DA:151,0
DA:154,0
DA:157,0
DA:162,0
DA:165,0
DA:179,0
DA:181,0
LF:95
LH:0
BRDA:17,0,0,0
BRDA:17,0,1,0
BRDA:18,1,0,0
BRDA:18,1,1,0
BRDA:19,2,0,0
BRDA:19,2,1,0
BRDA:20,3,0,0
BRDA:20,3,1,0
BRDA:21,4,0,0
BRDA:21,4,1,0
BRDA:21,5,0,0
BRDA:21,5,1,0
BRDA:22,6,0,0
BRDA:22,6,1,0
BRDA:22,7,0,0
BRDA:22,7,1,0
BRDA:25,8,0,0
BRDA:25,8,1,0
BRDA:25,9,0,0
BRDA:25,9,1,0
BRDA:27,10,0,0
BRDA:27,10,1,0
BRDA:35,11,0,0
BRDA:35,11,1,0
BRDA:36,12,0,0
BRDA:36,12,1,0
BRDA:36,13,0,0
BRDA:36,13,1,0
BRDA:63,14,0,0
BRDA:63,14,1,0
BRDA:64,15,0,0
BRDA:64,15,1,0
BRDA:73,16,0,0
BRDA:73,16,1,0
BRDA:76,17,0,0
BRDA:76,17,1,0
BRDA:79,18,0,0
BRDA:79,18,1,0
BRDA:79,19,0,0
BRDA:79,19,1,0
BRDA:79,20,0,0
BRDA:79,20,1,0
BRDA:79,21,0,0
BRDA:79,21,1,0
BRDA:80,22,0,0
BRDA:80,22,1,0
BRDA:83,23,0,0
BRDA:83,23,1,0
BRDA:92,24,0,0
BRDA:92,24,1,0
BRDA:92,25,0,0
BRDA:92,25,1,0
BRDA:93,26,0,0
BRDA:93,26,1,0
BRDA:97,27,0,0
BRDA:97,27,1,0
BRDA:97,27,2,0
BRDA:97,27,3,0
BRDA:105,28,0,0
BRDA:105,28,1,0
BRDA:108,29,0,0
BRDA:108,29,1,0
BRDA:108,30,0,0
BRDA:108,30,1,0
BRDA:114,31,0,0
BRDA:114,31,1,0
BRDA:135,32,0,0
BRDA:135,32,1,0
BRDA:142,33,0,0
BRDA:142,33,1,0
BRDA:171,34,0,0
BRDA:171,34,1,0
BRDA:177,35,0,0
BRDA:177,35,1,0
BRDA:178,36,0,0
BRDA:178,36,1,0
BRDA:181,37,0,0
BRDA:181,37,1,0
BRF:78
BRH:0
end_of_record
TN:
SF:app\(dashboard)\ramais\page.tsx
FN:17,isAllocated
FN:21,useDebounce
FN:24,(anonymous_2)
FN:25,(anonymous_3)
FN:29,(anonymous_4)
FN:35,RamaisPage
FN:69,refresh
FN:69,(anonymous_7)
FN:71,(anonymous_8)
FN:75,(anonymous_9)
FN:87,(anonymous_10)
FN:92,(anonymous_11)
FN:102,(anonymous_12)
FN:128,(anonymous_13)
FN:132,fetchData
FN:163,(anonymous_15)
FN:166,(anonymous_16)
FN:170,fetchOverview
FN:193,(anonymous_18)
FN:205,applyOverviewFilter
FN:215,(anonymous_20)
FN:218,(anonymous_21)
FN:227,(anonymous_22)
FN:236,(anonymous_23)
FN:240,(anonymous_24)
FN:241,(anonymous_25)
FN:242,(anonymous_26)
FN:253,(anonymous_27)
FN:265,(anonymous_28)
FN:274,(anonymous_29)
FN:287,(anonymous_30)
FN:300,(anonymous_31)
FN:312,(anonymous_32)
FN:334,(anonymous_33)
FN:363,(anonymous_34)
FN:368,(anonymous_35)
FNF:36
FNH:0
FNDA:0,isAllocated
FNDA:0,useDebounce
FNDA:0,(anonymous_2)
FNDA:0,(anonymous_3)
FNDA:0,(anonymous_4)
FNDA:0,RamaisPage
FNDA:0,refresh
FNDA:0,(anonymous_7)
FNDA:0,(anonymous_8)
FNDA:0,(anonymous_9)
FNDA:0,(anonymous_10)
FNDA:0,(anonymous_11)
FNDA:0,(anonymous_12)
FNDA:0,(anonymous_13)
FNDA:0,fetchData
FNDA:0,(anonymous_15)
FNDA:0,(anonymous_16)
FNDA:0,fetchOverview
FNDA:0,(anonymous_18)
FNDA:0,applyOverviewFilter
FNDA:0,(anonymous_20)
FNDA:0,(anonymous_21)
FNDA:0,(anonymous_22)
FNDA:0,(anonymous_23)
FNDA:0,(anonymous_24)
FNDA:0,(anonymous_25)
FNDA:0,(anonymous_26)
FNDA:0,(anonymous_27)
FNDA:0,(anonymous_28)
FNDA:0,(anonymous_29)
FNDA:0,(anonymous_30)
FNDA:0,(anonymous_31)
FNDA:0,(anonymous_32)
FNDA:0,(anonymous_33)
FNDA:0,(anonymous_34)
FNDA:0,(anonymous_35)
DA:3,0
DA:4,0
DA:6,0
DA:7,0
DA:8,0
DA:9,0
DA:10,0
DA:11,0
DA:12,0
DA:14,0
DA:15,0
DA:18,0
DA:22,0
DA:24,0
DA:25,0
DA:26,0
DA:29,0
DA:32,0
DA:35,0
DA:36,0
DA:37,0
DA:39,0
DA:40,0
DA:41,0
DA:42,0
DA:43,0
DA:44,0
DA:45,0
DA:46,0
DA:47,0
DA:48,0
DA:49,0
DA:50,0
DA:54,0
DA:56,0
DA:57,0
DA:58,0
DA:59,0
DA:60,0
DA:61,0
DA:62,0
DA:63,0
DA:65,0
DA:67,0
DA:69,0
DA:71,0
DA:76,0
DA:87,0
DA:92,0
DA:103,0
DA:104,0
DA:105,0
DA:107,0
DA:108,0
DA:114,0
DA:128,0
DA:129,0
DA:130,0
DA:133,0
DA:139,0
DA:140,0
DA:141,0
DA:142,0
DA:143,0
DA:144,0
DA:146,0
DA:147,0
DA:148,0
DA:149,0
DA:150,0
DA:151,0
DA:152,0
DA:153,0
DA:156,0
DA:158,0
DA:162,0
DA:163,0
DA:166,0
DA:167,0
DA:168,0
DA:171,0
DA:172,0
DA:178,0
DA:179,0
DA:180,0
DA:181,0
DA:182,0
DA:183,0
DA:186,0
DA:188,0
DA:192,0
DA:193,0
DA:196,0
DA:199,0
DA:202,0
DA:203,0
DA:206,0
DA:207,0
DA:208,0
DA:209,0
DA:210,0
DA:213,0
DA:215,0
DA:218,0
DA:221,0
DA:222,0
DA:224,0
DA:225,0
DA:226,0
DA:227,0
DA:228,0
DA:229,0
DA:230,0
DA:231,0
DA:236,0
DA:237,0
DA:239,0
DA:240,0
DA:241,0
DA:245,0
DA:248,0
DA:254,0
DA:255,0
DA:266,0
DA:267,0
DA:275,0
DA:276,0
DA:288,0
DA:289,0
DA:301,0
DA:302,0
DA:313,0
DA:314,0
DA:315,0
DA:316,0
DA:329,0
DA:334,0
DA:363,0
DA:368,0
LF:139
LH:0
BRDA:18,0,0,0
BRDA:18,0,1,0
BRDA:18,1,0,0
BRDA:18,1,1,0
BRDA:18,2,0,0
BRDA:18,2,1,0
BRDA:18,3,0,0
BRDA:18,3,1,0
BRDA:18,4,0,0
BRDA:18,4,1,0
BRDA:78,5,0,0
BRDA:78,5,1,0
BRDA:80,6,0,0
BRDA:80,6,1,0
BRDA:87,7,0,0
BRDA:87,7,1,0
BRDA:87,8,0,0
BRDA:87,8,1,0
BRDA:87,9,0,0
BRDA:87,9,1,0
BRDA:87,10,0,0
BRDA:87,10,1,0
BRDA:95,11,0,0
BRDA:95,11,1,0
BRDA:95,12,0,0
BRDA:95,12,1,0
BRDA:95,13,0,0
BRDA:95,13,1,0
BRDA:103,14,0,0
BRDA:103,14,1,0
BRDA:103,15,0,0
BRDA:103,15,1,0
BRDA:104,16,0,0
BRDA:104,16,1,0
BRDA:107,17,0,0
BRDA:107,17,1,0
BRDA:139,18,0,0
BRDA:139,18,1,0
BRDA:140,19,0,0
BRDA:140,19,1,0
BRDA:141,20,0,0
BRDA:141,20,1,0
BRDA:142,21,0,0
BRDA:142,21,1,0
BRDA:143,22,0,0
BRDA:143,22,1,0
BRDA:144,23,0,0
BRDA:144,23,1,0
BRDA:148,24,0,0
BRDA:148,24,1,0
BRDA:150,25,0,0
BRDA:150,25,1,0
BRDA:158,26,0,0
BRDA:158,26,1,0
BRDA:179,27,0,0
BRDA:179,27,1,0
BRDA:181,28,0,0
BRDA:181,28,1,0
BRDA:188,29,0,0
BRDA:188,29,1,0
BRDA:196,30,0,0
BRDA:196,30,1,0
BRDA:199,31,0,0
BRDA:199,31,1,0
BRDA:202,32,0,0
BRDA:202,32,1,0
BRDA:202,33,0,0
BRDA:202,33,1,0
BRDA:202,34,0,0
BRDA:202,34,1,0
BRDA:202,35,0,0
BRDA:202,35,1,0
BRDA:203,36,0,0
BRDA:203,36,1,0
BRDA:206,37,0,0
BRDA:206,37,1,0
BRDA:217,38,0,0
BRDA:217,38,1,0
BRDA:217,39,0,0
BRDA:217,39,1,0
BRDA:218,40,0,0
BRDA:218,40,1,0
BRDA:218,40,2,0
BRDA:218,41,0,0
BRDA:218,41,1,0
BRDA:218,42,0,0
BRDA:218,42,1,0
BRDA:222,43,0,0
BRDA:222,43,1,0
BRDA:237,44,0,0
BRDA:237,44,1,0
BRDA:240,45,0,0
BRDA:240,45,1,0
BRDA:241,46,0,0
BRDA:241,46,1,0
BRDA:343,47,0,0
BRDA:343,47,1,0
BRDA:358,48,0,0
BRDA:358,48,1,0
BRDA:362,49,0,0
BRDA:362,49,1,0
BRDA:365,50,0,0
BRDA:365,50,1,0
BRF:103
BRH:0
end_of_record
TN:
SF:app\(dashboard)\setores\page.tsx
FN:28,SetoresPage
FN:51,refresh
FN:51,(anonymous_2)
FN:53,(anonymous_3)
FN:61,(anonymous_4)
FN:62,(anonymous_5)
FN:70,(anonymous_6)
FN:72,(anonymous_7)
FN:75,openCreate
FN:79,openEdit
FN:83,handleSave
FN:106,handleDelete
FN:121,(anonymous_12)
FN:125,(anonymous_13)
FN:135,(anonymous_14)
FN:140,(anonymous_15)
FN:157,(anonymous_16)
FN:162,(anonymous_17)
FN:164,(anonymous_18)
FN:168,(anonymous_19)
FN:183,(anonymous_20)
FN:186,(anonymous_21)
FN:209,(anonymous_22)
FN:215,(anonymous_23)
FN:222,(anonymous_24)
FN:228,(anonymous_25)
FN:234,(anonymous_26)
FN:241,(anonymous_27)
FN:259,(anonymous_28)
FN:260,(anonymous_29)
FNF:30
FNH:0
FNDA:0,SetoresPage
FNDA:0,refresh
FNDA:0,(anonymous_2)
FNDA:0,(anonymous_3)
FNDA:0,(anonymous_4)
FNDA:0,(anonymous_5)
FNDA:0,(anonymous_6)
FNDA:0,(anonymous_7)
FNDA:0,openCreate
FNDA:0,openEdit
FNDA:0,handleSave
FNDA:0,handleDelete
FNDA:0,(anonymous_12)
FNDA:0,(anonymous_13)
FNDA:0,(anonymous_14)
FNDA:0,(anonymous_15)
FNDA:0,(anonymous_16)
FNDA:0,(anonymous_17)
FNDA:0,(anonymous_18)
FNDA:0,(anonymous_19)
FNDA:0,(anonymous_20)
FNDA:0,(anonymous_21)
FNDA:0,(anonymous_22)
FNDA:0,(anonymous_23)
FNDA:0,(anonymous_24)
FNDA:0,(anonymous_25)
FNDA:0,(anonymous_26)
FNDA:0,(anonymous_27)
FNDA:0,(anonymous_28)
FNDA:0,(anonymous_29)
DA:3,0
DA:5,0
DA:6,0
DA:7,0
DA:8,0
DA:9,0
DA:10,0
DA:28,0
DA:29,0
DA:30,0
DA:31,0
DA:32,0
DA:33,0
DA:34,0
DA:35,0
DA:36,0
DA:39,0
DA:40,0
DA:41,0
DA:42,0
DA:43,0
DA:44,0
DA:47,0
DA:48,0
DA:50,0
DA:51,0
DA:53,0
DA:54,0
DA:55,0
DA:56,0
DA:57,0
DA:58,0
DA:60,0
DA:61,0
DA:63,0
DA:64,0
DA:65,0
DA:66,0
DA:70,0
DA:72,0
DA:76,0
DA:80,0
DA:84,0
DA:85,0
DA:86,0
DA:87,0
DA:88,0
DA:89,0
DA:94,0
DA:95,0
DA:96,0
DA:97,0
DA:98,0
DA:100,0
DA:102,0
DA:107,0
DA:108,0
DA:109,0
DA:110,0
DA:111,0
DA:112,0
DA:113,0
DA:115,0
DA:117,0
DA:121,0
DA:126,0
DA:135,0
DA:141,0
DA:142,0
DA:143,0
DA:144,0
DA:157,0
DA:163,0
DA:164,0
DA:168,0
DA:177,0
DA:180,0
DA:183,0
DA:186,0
DA:194,0
DA:209,0
DA:215,0
DA:222,0
DA:228,0
DA:234,0
DA:241,0
DA:259,0
DA:260,0
LF:88
LH:0
BRDA:57,0,0,0
BRDA:57,0,1,0
BRDA:58,1,0,0
BRDA:58,1,1,0
BRDA:63,2,0,0
BRDA:63,2,1,0
BRDA:64,3,0,0
BRDA:64,3,1,0
BRDA:65,4,0,0
BRDA:65,4,1,0
BRDA:66,5,0,0
BRDA:66,5,1,0
BRDA:70,6,0,0
BRDA:70,6,1,0
BRDA:80,7,0,0
BRDA:80,7,1,0
BRDA:84,8,0,0
BRDA:84,8,1,0
BRDA:87,9,0,0
BRDA:87,9,1,0
BRDA:88,10,0,0
BRDA:88,10,1,0
BRDA:92,11,0,0
BRDA:92,11,1,0
BRDA:94,12,0,0
BRDA:94,12,1,0
BRDA:95,13,0,0
BRDA:95,13,1,0
BRDA:96,14,0,0
BRDA:96,14,1,0
BRDA:110,15,0,0
BRDA:110,15,1,0
BRDA:135,16,0,0
BRDA:135,16,1,0
BRDA:142,17,0,0
BRDA:142,17,1,0
BRDA:147,18,0,0
BRDA:147,18,1,0
BRDA:148,19,0,0
BRDA:148,19,1,0
BRDA:149,20,0,0
BRDA:149,20,1,0
BRDA:207,21,0,0
BRDA:207,21,1,0
BRDA:213,22,0,0
BRDA:213,22,1,0
BRDA:232,23,0,0
BRDA:232,23,1,0
BRDA:247,24,0,0
BRDA:247,24,1,0
BRDA:248,25,0,0
BRDA:248,25,1,0
BRDA:255,26,0,0
BRDA:255,26,1,0
BRF:54
BRH:0
end_of_record
TN:
SF:app\(dashboard)\solicitacoes\page.tsx
FN:19,(anonymous_0)
FN:24,(anonymous_1)
FN:29,(anonymous_2)
FN:34,(anonymous_3)
FN:39,(anonymous_4)
FN:44,(anonymous_5)
FN:49,(anonymous_6)
FN:53,SolicitacoesPage
FN:68,refresh
FN:68,(anonymous_9)
FN:70,(anonymous_10)
FN:86,(anonymous_11)
FN:92,(anonymous_12)
FN:101,(anonymous_13)
FN:109,(anonymous_14)
FN:118,(anonymous_15)
FN:120,(anonymous_16)
FN:128,(anonymous_17)
FN:147,(anonymous_18)
FN:152,(anonymous_19)
FNF:20
FNH:0
FNDA:0,(anonymous_0)
FNDA:0,(anonymous_1)
FNDA:0,(anonymous_2)
FNDA:0,(anonymous_3)
FNDA:0,(anonymous_4)
FNDA:0,(anonymous_5)
FNDA:0,(anonymous_6)
FNDA:0,SolicitacoesPage
FNDA:0,refresh
FNDA:0,(anonymous_9)
FNDA:0,(anonymous_10)
FNDA:0,(anonymous_11)
FNDA:0,(anonymous_12)
FNDA:0,(anonymous_13)
FNDA:0,(anonymous_14)
FNDA:0,(anonymous_15)
FNDA:0,(anonymous_16)
FNDA:0,(anonymous_17)
FNDA:0,(anonymous_18)
FNDA:0,(anonymous_19)
DA:3,0
DA:4,0
DA:6,0
DA:7,0
DA:8,0
DA:9,0
DA:10,0
DA:12,0
DA:13,0
DA:15,0
DA:19,0
DA:24,0
DA:29,0
DA:34,0
DA:39,0
DA:44,0
DA:49,0
DA:53,0
DA:54,0
DA:55,0
DA:56,0
DA:57,0
DA:58,0
DA:59,0
DA:60,0
DA:61,0
DA:62,0
DA:63,0
DA:64,0
DA:65,0
DA:66,0
DA:67,0
DA:68,0
DA:70,0
DA:71,0
DA:72,0
DA:73,0
DA:74,0
DA:75,0
DA:76,0
DA:77,0
DA:78,0
DA:79,0
DA:80,0
DA:81,0
DA:82,0
DA:83,0
DA:86,0
DA:88,0
DA:91,0
DA:92,0
DA:101,0
DA:109,0
DA:118,0
DA:120,0
DA:125,0
DA:128,0
DA:147,0
DA:152,0
LF:59
LH:0
BRDA:24,0,0,0
BRDA:24,0,1,0
BRDA:49,1,0,0
BRDA:49,1,1,0
BRDA:61,2,0,0
BRDA:61,2,1,0
BRDA:73,3,0,0
BRDA:73,3,1,0
BRDA:74,4,0,0
BRDA:74,4,1,0
BRDA:75,5,0,0
BRDA:75,5,1,0
BRDA:76,6,0,0
BRDA:76,6,1,0
BRDA:77,7,0,0
BRDA:77,7,1,0
BRDA:144,8,0,0
BRDA:144,8,1,0
BRDA:151,9,0,0
BRDA:151,9,1,0
BRF:20
BRH:0
end_of_record
TN:
SF:app\(dashboard)\usuarios\page.tsx
FN:25,(anonymous_0)
FN:26,(anonymous_1)
FN:29,(anonymous_2)
FN:42,(anonymous_3)
FN:43,(anonymous_4)
FN:46,UsuariosPage
FN:56,refresh
FN:56,(anonymous_7)
FN:61,(anonymous_8)
FN:76,(anonymous_9)
FN:94,(anonymous_10)
FN:108,(anonymous_11)
FN:116,(anonymous_12)
FN:123,(anonymous_13)
FNF:14
FNH:0
FNDA:0,(anonymous_0)
FNDA:0,(anonymous_1)
FNDA:0,(anonymous_2)
FNDA:0,(anonymous_3)
FNDA:0,(anonymous_4)
FNDA:0,UsuariosPage
FNDA:0,refresh
FNDA:0,(anonymous_7)
FNDA:0,(anonymous_8)
FNDA:0,(anonymous_9)
FNDA:0,(anonymous_10)
FNDA:0,(anonymous_11)
FNDA:0,(anonymous_12)
FNDA:0,(anonymous_13)
DA:3,0
DA:4,0
DA:5,0
DA:7,0
DA:8,0
DA:9,0
DA:10,0
DA:11,0
DA:12,0
DA:13,0
DA:24,0
DA:25,0
DA:26,0
DA:30,0
DA:31,0
DA:42,0
DA:43,0
DA:46,0
DA:47,0
DA:48,0
DA:49,0
DA:50,0
DA:51,0
DA:52,0
DA:53,0
DA:55,0
DA:56,0
DA:59,0
DA:61,0
DA:62,0
DA:63,0
DA:64,0
DA:65,0
DA:66,0
DA:67,0
DA:68,0
DA:70,0
DA:72,0
DA:76,0
DA:78,0
DA:79,0
DA:90,0
DA:94,0
DA:116,0
DA:123,0
LF:45
LH:0
BRDA:33,0,0,0
BRDA:33,0,1,0
BRDA:37,1,0,0
BRDA:37,1,1,0
BRDA:59,2,0,0
BRDA:59,2,1,0
BRDA:59,3,0,0
BRDA:59,3,1,0
BRDA:59,4,0,0
BRDA:59,4,1,0
BRDA:59,5,0,0
BRDA:59,5,1,0
BRDA:65,6,0,0
BRDA:65,6,1,0
BRDA:67,7,0,0
BRDA:67,7,1,0
BRDA:68,8,0,0
BRDA:68,8,1,0
BRDA:78,9,0,0
BRDA:78,9,1,0
BRDA:113,10,0,0
BRDA:113,10,1,0
BRDA:121,11,0,0
BRDA:121,11,1,0
BRF:24
BRH:0
end_of_record
TN:
SF:app\api\admin\usuarios\route.ts
FN:9,checkAdmin
FN:15,GET
FN:24,POST
FNF:3
FNH:0
FNDA:0,checkAdmin
FNDA:0,GET
FNDA:0,POST
DA:1,0
DA:2,0
DA:3,0
DA:4,0
DA:5,0
DA:7,0
DA:10,0
DA:11,0
DA:12,0
DA:15,0
DA:16,0
DA:17,0
DA:21,0
DA:24,0
DA:25,0
DA:26,0
DA:27,0
DA:28,0
DA:29,0
DA:30,0
DA:31,0
DA:35,0
LF:22
LH:0
BRDA:11,0,0,0
BRDA:11,0,1,0
BRDA:16,1,0,0
BRDA:16,1,1,0
BRDA:25,2,0,0
BRDA:25,2,1,0
BRDA:27,3,0,0
BRDA:27,3,1,0
BRDA:27,4,0,0
BRDA:27,4,1,0
BRDA:27,4,2,0
BRDA:29,5,0,0
BRDA:29,5,1,0
BRDA:32,6,0,0
BRDA:32,6,1,0
BRF:15
BRH:0
end_of_record
TN:
SF:app\api\admin\usuarios\[id]\route.ts
FN:11,checkAdmin
FN:17,PUT
FN:47,DELETE
FNF:3
FNH:0
FNDA:0,checkAdmin
FNDA:0,PUT
FNDA:0,DELETE
DA:1,0
DA:2,0
DA:3,0
DA:4,0
DA:5,0
DA:7,0
DA:12,0
DA:13,0
DA:14,0
DA:17,0
DA:18,0
DA:19,0
DA:22,0
DA:23,0
DA:24,0
DA:26,0
DA:27,0
DA:28,0
DA:31,0
DA:44,0
DA:47,0
DA:48,0
DA:49,0
DA:52,0
DA:54,0
DA:59,0
LF:26
LH:0
BRDA:13,0,0,0
BRDA:13,0,1,0
BRDA:18,1,0,0
BRDA:18,1,1,0
BRDA:27,2,0,0
BRDA:27,2,1,0
BRDA:27,3,0,0
BRDA:27,3,1,0
BRDA:48,4,0,0
BRDA:48,4,1,0
BRF:10
BRH:0
end_of_record
TN:
SF:app\api\alocacoes\aparelhos\route.ts
FN:9,POST
FNF:1
FNH:0
FNDA:0,POST
DA:1,0
DA:2,0
DA:3,0
DA:4,0
DA:5,0
DA:7,0
DA:9,0
DA:10,0
DA:11,0
DA:13,0
DA:14,0
DA:15,0
DA:18,0
DA:20,0
DA:25,0
DA:29,0
DA:39,0
LF:17
LH:0
BRDA:11,0,0,0
BRDA:11,0,1,0
BRDA:14,1,0,0
BRDA:14,1,1,0
BRDA:14,2,0,0
BRDA:14,2,1,0
BRDA:26,3,0,0
BRDA:26,3,1,0
BRDA:26,4,0,0
BRDA:26,4,1,0
BRDA:33,5,0,0
BRDA:33,5,1,0
BRDA:33,6,0,0
BRDA:33,6,1,0
BRDA:33,7,0,0
BRDA:33,7,1,0
BRDA:33,8,0,0
BRDA:33,8,1,0
BRDA:33,9,0,0
BRDA:33,9,1,0
BRDA:33,10,0,0
BRDA:33,10,1,0
BRDA:33,11,0,0
BRDA:33,11,1,0
BRDA:34,12,0,0
BRDA:34,12,1,0
BRDA:34,13,0,0
BRDA:34,13,1,0
BRF:28
BRH:0
end_of_record
TN:
SF:app\api\alocacoes\aparelhos\[id]\route.ts
FN:10,DELETE
FNF:1
FNH:0
FNDA:0,DELETE
DA:1,0
DA:2,0
DA:3,0
DA:4,0
DA:5,0
DA:7,0
DA:10,0
DA:11,0
DA:12,0
DA:13,0
DA:15,0
DA:16,0
DA:18,0
DA:23,0
DA:25,0
DA:30,0
DA:44,0
DA:46,0
DA:47,0
LF:19
LH:0
BRDA:13,0,0,0
BRDA:13,0,1,0
BRDA:23,1,0,0
BRDA:23,1,1,0
BRDA:32,2,0,0
BRDA:32,2,1,0
BRDA:32,3,0,0
BRDA:32,3,1,0
BRDA:34,4,0,0
BRDA:34,4,1,0
BRDA:34,5,0,0
BRDA:34,5,1,0
BRDA:34,6,0,0
BRDA:34,6,1,0
BRDA:34,7,0,0
BRDA:34,7,1,0
BRDA:37,8,0,0
BRDA:37,8,1,0
BRDA:37,9,0,0
BRDA:37,9,1,0
BRDA:37,10,0,0
BRDA:37,10,1,0
BRDA:37,11,0,0
BRDA:37,11,1,0
BRF:24
BRH:0
end_of_record
TN:
SF:app\api\alocacoes\aparelhos\[id]\ativo\route.ts
FN:10,DELETE
FNF:1
FNH:0
FNDA:0,DELETE
DA:1,0
DA:2,0
DA:3,0
DA:4,0
DA:5,0
DA:7,0
DA:10,0
DA:11,0
DA:12,0
DA:14,0
DA:15,0
DA:17,0
DA:22,0
DA:27,0
DA:37,0
LF:15
LH:0
BRDA:12,0,0,0
BRDA:12,0,1,0
BRDA:31,1,0,0
BRDA:31,1,1,0
BRDA:31,2,0,0
BRDA:31,2,1,0
BRDA:31,3,0,0
BRDA:31,3,1,0
BRDA:31,4,0,0
BRDA:31,4,1,0
BRDA:31,5,0,0
BRDA:31,5,1,0
BRDA:31,6,0,0
BRDA:31,6,1,0
BRDA:32,7,0,0
BRDA:32,7,1,0
BRDA:32,8,0,0
BRDA:32,8,1,0
BRDA:32,9,0,0
BRDA:32,9,1,0
BRF:20
BRH:0
end_of_record
TN:
SF:app\api\alocacoes\maquinas\route.ts
FN:9,POST
FNF:1
FNH:0
FNDA:0,POST
DA:1,0
DA:2,0
DA:3,0
DA:4,0
DA:5,0
DA:7,0
DA:9,0
DA:10,0
DA:11,0
DA:12,0
DA:14,0
DA:15,0
DA:16,0
DA:19,0
DA:21,0
DA:26,0
DA:36,0
DA:52,0
DA:54,0
DA:55,0
LF:20
LH:0
BRDA:12,0,0,0
BRDA:12,0,1,0
BRDA:15,1,0,0
BRDA:15,1,1,0
BRDA:15,2,0,0
BRDA:15,2,1,0
BRDA:30,3,0,0
BRDA:30,3,1,0
BRDA:40,4,0,0
BRDA:40,4,1,0
BRDA:40,5,0,0
BRDA:40,5,1,0
BRDA:40,6,0,0
BRDA:40,6,1,0
BRDA:40,7,0,0
BRDA:40,7,1,0
BRDA:40,8,0,0
BRDA:40,8,1,0
BRDA:40,9,0,0
BRDA:40,9,1,0
BRDA:40,10,0,0
BRDA:40,10,1,0
BRDA:44,11,0,0
BRDA:44,11,1,0
BRDA:44,12,0,0
BRDA:44,12,1,0
BRDA:44,13,0,0
BRDA:44,13,1,0
BRDA:44,14,0,0
BRDA:44,14,1,0
BRDA:45,15,0,0
BRDA:45,15,1,0
BRDA:45,16,0,0
BRDA:45,16,1,0
BRDA:45,17,0,0
BRDA:45,17,1,0
BRDA:45,18,0,0
BRDA:45,18,1,0
BRDA:46,19,0,0
BRDA:46,19,1,0
BRF:40
BRH:0
end_of_record
TN:
SF:app\api\alocacoes\maquinas\[id]\route.ts
FN:11,DELETE
FNF:1
FNH:0
FNDA:0,DELETE
DA:1,0
DA:2,0
DA:3,0
DA:4,0
DA:5,0
DA:7,0
DA:11,0
DA:12,0
DA:13,0
DA:14,0
DA:16,0
DA:17,0
DA:19,0
DA:24,0
DA:25,0
DA:28,0
DA:33,0
DA:47,0
DA:49,0
DA:50,0
LF:20
LH:0
BRDA:14,0,0,0
BRDA:14,0,1,0
BRDA:24,1,0,0
BRDA:24,1,1,0
BRDA:35,2,0,0
BRDA:35,2,1,0
BRDA:35,3,0,0
BRDA:35,3,1,0
BRDA:37,4,0,0
BRDA:37,4,1,0
BRDA:37,5,0,0
BRDA:37,5,1,0
BRDA:37,6,0,0
BRDA:37,6,1,0
BRDA:37,7,0,0
BRDA:37,7,1,0
BRDA:40,8,0,0
BRDA:40,8,1,0
BRDA:40,9,0,0
BRDA:40,9,1,0
BRDA:40,10,0,0
BRDA:40,10,1,0
BRDA:40,11,0,0
BRDA:40,11,1,0
BRF:24
BRH:0
end_of_record
TN:
SF:app\api\alocacoes\maquinas\[id]\ativo\route.ts
FN:10,DELETE
FNF:1
FNH:0
FNDA:0,DELETE
DA:1,0
DA:2,0
DA:3,0
DA:4,0
DA:5,0
DA:7,0
DA:10,0
DA:11,0
DA:12,0
DA:13,0
DA:15,0
DA:16,0
DA:18,0
DA:23,0
DA:28,0
DA:46,0
DA:48,0
DA:49,0
LF:18
LH:0
BRDA:13,0,0,0
BRDA:13,0,1,0
BRDA:32,1,0,0
BRDA:32,1,1,0
BRDA:32,2,0,0
BRDA:32,2,1,0
BRDA:32,3,0,0
BRDA:32,3,1,0
BRDA:32,4,0,0
BRDA:32,4,1,0
BRDA:32,5,0,0
BRDA:32,5,1,0
BRDA:32,6,0,0
BRDA:32,6,1,0
BRDA:33,7,0,0
BRDA:33,7,1,0
BRDA:37,8,0,0
BRDA:37,8,1,0
BRDA:37,9,0,0
BRDA:37,9,1,0
BRDA:37,10,0,0
BRDA:37,10,1,0
BRDA:37,11,0,0
BRDA:37,11,1,0
BRDA:38,12,0,0
BRDA:38,12,1,0
BRDA:38,13,0,0
BRDA:38,13,1,0
BRDA:38,14,0,0
BRDA:38,14,1,0
BRDA:38,15,0,0
BRDA:38,15,1,0
BRF:32
BRH:0
end_of_record
TN:
SF:app\api\alocacoes\notebooks\route.ts
FN:9,POST
FNF:1
FNH:0
FNDA:0,POST
DA:1,0
DA:2,0
DA:3,0
DA:4,0
DA:5,0
DA:7,0
DA:9,0
DA:10,0
DA:11,0
DA:13,0
DA:14,0
DA:15,0
DA:18,0
DA:20,0
DA:25,0
DA:29,0
DA:39,0
LF:17
LH:0
BRDA:11,0,0,0
BRDA:11,0,1,0
BRDA:14,1,0,0
BRDA:14,1,1,0
BRDA:14,2,0,0
BRDA:14,2,1,0
BRDA:26,3,0,0
BRDA:26,3,1,0
BRDA:26,4,0,0
BRDA:26,4,1,0
BRDA:33,5,0,0
BRDA:33,5,1,0
BRDA:33,6,0,0
BRDA:33,6,1,0
BRDA:33,7,0,0
BRDA:33,7,1,0
BRDA:33,8,0,0
BRDA:33,8,1,0
BRDA:33,9,0,0
BRDA:33,9,1,0
BRDA:33,10,0,0
BRDA:33,10,1,0
BRDA:33,11,0,0
BRDA:33,11,1,0
BRDA:34,12,0,0
BRDA:34,12,1,0
BRDA:34,13,0,0
BRDA:34,13,1,0
BRF:28
BRH:0
end_of_record
TN:
SF:app\api\alocacoes\notebooks\[id]\route.ts
FN:10,DELETE
FNF:1
FNH:0
FNDA:0,DELETE
DA:1,0
DA:2,0
DA:3,0
DA:4,0
DA:5,0
DA:7,0
DA:10,0
DA:11,0
DA:12,0
DA:13,0
DA:15,0
DA:16,0
DA:18,0
DA:23,0
DA:25,0
DA:30,0
DA:44,0
DA:46,0
DA:47,0
LF:19
LH:0
BRDA:13,0,0,0
BRDA:13,0,1,0
BRDA:23,1,0,0
BRDA:23,1,1,0
BRDA:32,2,0,0
BRDA:32,2,1,0
BRDA:32,3,0,0
BRDA:32,3,1,0
BRDA:34,4,0,0
BRDA:34,4,1,0
BRDA:34,5,0,0
BRDA:34,5,1,0
BRDA:34,6,0,0
BRDA:34,6,1,0
BRDA:34,7,0,0
BRDA:34,7,1,0
BRDA:37,8,0,0
BRDA:37,8,1,0
BRDA:37,9,0,0
BRDA:37,9,1,0
BRDA:37,10,0,0
BRDA:37,10,1,0
BRDA:37,11,0,0
BRDA:37,11,1,0
BRF:24
BRH:0
end_of_record
TN:
SF:app\api\alocacoes\notebooks\[id]\ativo\route.ts
FN:10,DELETE
FNF:1
FNH:0
FNDA:0,DELETE
DA:1,0
DA:2,0
DA:3,0
DA:4,0
DA:5,0
DA:7,0
DA:10,0
DA:11,0
DA:12,0
DA:13,0
DA:15,0
DA:16,0
DA:18,0
DA:19,0
DA:22,0
DA:26,0
DA:28,0
DA:32,0
DA:34,0
DA:52,0
DA:54,0
DA:56,0
DA:57,0
LF:23
LH:0
BRDA:13,0,0,0
BRDA:13,0,1,0
BRDA:26,1,0,0
BRDA:26,1,1,0
BRDA:26,2,0,0
BRDA:26,2,1,0
BRDA:26,3,0,0
BRDA:26,3,1,0
BRDA:26,4,0,0
BRDA:26,4,1,0
BRDA:38,5,0,0
BRDA:38,5,1,0
BRDA:38,6,0,0
BRDA:38,6,1,0
BRDA:38,7,0,0
BRDA:38,7,1,0
BRDA:38,8,0,0
BRDA:38,8,1,0
BRDA:38,9,0,0
BRDA:38,9,1,0
BRDA:38,10,0,0
BRDA:38,10,1,0
BRDA:39,11,0,0
BRDA:39,11,1,0
BRDA:43,12,0,0
BRDA:43,12,1,0
BRDA:43,13,0,0
BRDA:43,13,1,0
BRDA:43,14,0,0
BRDA:43,14,1,0
BRDA:43,15,0,0
BRDA:43,15,1,0
BRDA:44,16,0,0
BRDA:44,16,1,0
BRDA:44,17,0,0
BRDA:44,17,1,0
BRDA:44,18,0,0
BRDA:44,18,1,0
BRDA:44,19,0,0
BRDA:44,19,1,0
BRF:40
BRH:0
end_of_record
TN:
SF:app\api\alocacoes\ramais\route.ts
FN:9,POST
FNF:1
FNH:0
FNDA:0,POST
DA:1,0
DA:2,0
DA:3,0
DA:4,0
DA:5,0
DA:7,0
DA:9,0
DA:10,0
DA:11,0
DA:13,0
DA:14,0
DA:15,0
DA:18,0
DA:20,0
DA:25,0
DA:29,0
DA:39,0
LF:17
LH:0
BRDA:11,0,0,0
BRDA:11,0,1,0
BRDA:14,1,0,0
BRDA:14,1,1,0
BRDA:14,2,0,0
BRDA:14,2,1,0
BRDA:26,3,0,0
BRDA:26,3,1,0
BRDA:26,4,0,0
BRDA:26,4,1,0
BRDA:26,5,0,0
BRDA:26,5,1,0
BRDA:33,6,0,0
BRDA:33,6,1,0
BRDA:33,7,0,0
BRDA:33,7,1,0
BRDA:33,8,0,0
BRDA:33,8,1,0
BRDA:33,9,0,0
BRDA:33,9,1,0
BRDA:33,10,0,0
BRDA:33,10,1,0
BRDA:33,11,0,0
BRDA:33,11,1,0
BRDA:33,12,0,0
BRDA:33,12,1,0
BRDA:33,13,0,0
BRDA:33,13,1,0
BRDA:34,14,0,0
BRDA:34,14,1,0
BRDA:34,15,0,0
BRDA:34,15,1,0
BRF:32
BRH:0
end_of_record
TN:
SF:app\api\alocacoes\ramais\[id]\route.ts
FN:10,PATCH
FN:68,DELETE
FNF:2
FNH:0
FNDA:0,PATCH
FNDA:0,DELETE
DA:1,0
DA:2,0
DA:3,0
DA:4,0
DA:5,0
DA:7,0
DA:10,0
DA:11,0
DA:12,0
DA:13,0
DA:15,0
DA:16,0
DA:17,0
DA:19,0
DA:22,0
DA:27,0
DA:29,0
DA:30,0
DA:33,0
DA:38,0
DA:39,0
DA:40,0
DA:42,0
DA:44,0
DA:49,0
DA:60,0
DA:62,0
DA:63,0
DA:68,0
DA:69,0
DA:70,0
DA:71,0
DA:73,0
DA:74,0
DA:76,0
DA:81,0
DA:82,0
DA:85,0
DA:90,0
DA:105,0
DA:107,0
DA:108,0
LF:42
LH:0
BRDA:13,0,0,0
BRDA:13,0,1,0
BRDA:27,1,0,0
BRDA:27,1,1,0
BRDA:27,2,0,0
BRDA:27,2,1,0
BRDA:27,3,0,0
BRDA:27,3,1,0
BRDA:27,4,0,0
BRDA:27,4,1,0
BRDA:29,5,0,0
BRDA:29,5,1,0
BRDA:39,6,0,0
BRDA:39,6,1,0
BRDA:40,7,0,0
BRDA:40,7,1,0
BRDA:51,8,0,0
BRDA:51,8,1,0
BRDA:51,9,0,0
BRDA:51,9,1,0
BRDA:53,10,0,0
BRDA:53,10,1,0
BRDA:53,11,0,0
BRDA:53,11,1,0
BRDA:53,12,0,0
BRDA:53,12,1,0
BRDA:53,13,0,0
BRDA:53,13,1,0
BRDA:71,14,0,0
BRDA:71,14,1,0
BRDA:81,15,0,0
BRDA:81,15,1,0
BRDA:92,16,0,0
BRDA:92,16,1,0
BRDA:92,17,0,0
BRDA:92,17,1,0
BRDA:94,18,0,0
BRDA:94,18,1,0
BRDA:94,19,0,0
BRDA:94,19,1,0
BRDA:94,20,0,0
BRDA:94,20,1,0
BRDA:94,21,0,0
BRDA:94,21,1,0
BRDA:97,22,0,0
BRDA:97,22,1,0
BRDA:97,23,0,0
BRDA:97,23,1,0
BRDA:97,24,0,0
BRDA:97,24,1,0
BRDA:97,25,0,0
BRDA:97,25,1,0
BRF:52
BRH:0
end_of_record
TN:
SF:app\api\alocacoes\ramais\[id]\ativo\route.ts
FN:10,DELETE
FNF:1
FNH:0
FNDA:0,DELETE
DA:1,0
DA:2,0
DA:3,0
DA:4,0
DA:5,0
DA:7,0
DA:10,0
DA:11,0
DA:12,0
DA:14,0
DA:15,0
DA:17,0
DA:22,0
DA:27,0
DA:37,0
LF:15
LH:0
BRDA:12,0,0,0
BRDA:12,0,1,0
BRDA:31,1,0,0
BRDA:31,1,1,0
BRDA:31,2,0,0
BRDA:31,2,1,0
BRDA:31,3,0,0
BRDA:31,3,1,0
BRDA:31,4,0,0
BRDA:31,4,1,0
BRDA:31,5,0,0
BRDA:31,5,1,0
BRDA:31,6,0,0
BRDA:31,6,1,0
BRDA:32,7,0,0
BRDA:32,7,1,0
BRDA:32,8,0,0
BRDA:32,8,1,0
BRDA:32,9,0,0
BRDA:32,9,1,0
BRF:20
BRH:0
end_of_record
TN:
SF:app\api\aparelhos\route.ts
FN:9,GET
FN:81,(anonymous_1)
FN:84,(anonymous_2)
FN:109,POST
FNF:4
FNH:0
FNDA:0,GET
FNDA:0,(anonymous_1)
FNDA:0,(anonymous_2)
FNDA:0,POST
DA:1,0
DA:2,0
DA:3,0
DA:4,0
DA:5,0
DA:7,0
DA:9,0
DA:10,0
DA:11,0
DA:12,0
DA:14,0
DA:15,0
DA:16,0
DA:17,0
DA:18,0
DA:19,0
DA:20,0
DA:21,0
DA:22,0
DA:23,0
DA:25,0
DA:28,0
DA:30,0
DA:32,0
DA:33,0
DA:50,0
DA:51,0
DA:52,0
DA:54,0
DA:55,0
DA:56,0
DA:57,0
DA:60,0
DA:61,0
DA:63,0
DA:81,0
DA:84,0
DA:102,0
DA:104,0
DA:105,0
DA:109,0
DA:110,0
DA:111,0
DA:112,0
DA:114,0
DA:115,0
DA:116,0
DA:118,0
DA:128,0
DA:130,0
DA:131,0
LF:51
LH:0
BRDA:12,0,0,0
BRDA:12,0,1,0
BRDA:15,1,0,0
BRDA:15,1,1,0
BRDA:16,2,0,0
BRDA:16,2,1,0
BRDA:17,3,0,0
BRDA:17,3,1,0
BRDA:18,4,0,0
BRDA:18,4,1,0
BRDA:19,5,0,0
BRDA:19,5,1,0
BRDA:20,6,0,0
BRDA:20,6,1,0
BRDA:21,7,0,0
BRDA:21,7,1,0
BRDA:22,8,0,0
BRDA:22,8,1,0
BRDA:23,9,0,0
BRDA:23,9,1,0
BRDA:28,10,0,0
BRDA:28,10,1,0
BRDA:32,11,0,0
BRDA:32,11,1,0
BRDA:50,12,0,0
BRDA:50,12,1,0
BRDA:51,13,0,0
BRDA:51,13,1,0
BRDA:52,14,0,0
BRDA:52,14,1,0
BRDA:54,15,0,0
BRDA:54,15,1,0
BRDA:56,16,0,0
BRDA:56,16,1,0
BRDA:60,17,0,0
BRDA:60,17,1,0
BRDA:83,18,0,0
BRDA:83,18,1,0
BRDA:83,19,0,0
BRDA:83,19,1,0
BRDA:83,20,0,0
BRDA:83,20,1,0
BRDA:83,21,0,0
BRDA:83,21,1,0
BRDA:83,22,0,0
BRDA:83,22,1,0
BRDA:83,23,0,0
BRDA:83,23,1,0
BRDA:91,24,0,0
BRDA:91,24,1,0
BRDA:104,25,0,0
BRDA:104,25,1,0
BRDA:112,26,0,0
BRDA:112,26,1,0
BRDA:122,27,0,0
BRDA:122,27,1,0
BRDA:122,28,0,0
BRDA:122,28,1,0
BRF:58
BRH:0
end_of_record
TN:
SF:app\api\aparelhos\[id]\route.ts
FN:10,GET
FN:31,(anonymous_2)
FN:52,PUT
FN:77,DELETE
FNF:4
FNH:0
FNDA:0,GET
FNDA:0,(anonymous_2)
FNDA:0,PUT
FNDA:0,DELETE
DA:1,0
DA:2,0
DA:3,0
DA:4,0
DA:5,0
DA:7,0
DA:10,0
DA:11,0
DA:12,0
DA:14,0
DA:16,0
DA:27,0
DA:29,0
DA:31,0
DA:49,0
DA:52,0
DA:53,0
DA:54,0
DA:55,0
DA:56,0
DA:57,0
DA:58,0
DA:60,0
DA:61,0
DA:63,0
DA:74,0
DA:77,0
DA:78,0
DA:79,0
DA:80,0
DA:81,0
DA:83,0
DA:84,0
DA:86,0
DA:96,0
LF:35
LH:0
BRDA:12,0,0,0
BRDA:12,0,1,0
BRDA:27,1,0,0
BRDA:27,1,1,0
BRDA:38,2,0,0
BRDA:38,2,1,0
BRDA:54,3,0,0
BRDA:54,3,1,0
BRDA:79,4,0,0
BRDA:79,4,1,0
BRDA:90,5,0,0
BRDA:90,5,1,0
BRDA:90,6,0,0
BRDA:90,6,1,0
BRDA:90,7,0,0
BRDA:90,7,1,0
BRDA:90,8,0,0
BRDA:90,8,1,0
BRF:18
BRH:0
end_of_record
TN:
SF:app\api\audit-log\route.ts
FN:8,GET
FNF:1
FNH:0
FNDA:0,GET
DA:1,0
DA:2,0
DA:3,0
DA:4,0
DA:6,0
DA:8,0
DA:9,0
DA:10,0
DA:12,0
DA:13,0
DA:14,0
DA:15,0
DA:16,0
DA:17,0
DA:18,0
DA:19,0
DA:20,0
DA:22,0
DA:23,0
DA:24,0
DA:25,0
DA:26,0
DA:28,0
DA:38,0
LF:24
LH:0
BRDA:10,0,0,0
BRDA:10,0,1,0
BRDA:13,1,0,0
BRDA:13,1,1,0
BRDA:14,2,0,0
BRDA:14,2,1,0
BRDA:15,3,0,0
BRDA:15,3,1,0
BRDA:16,4,0,0
BRDA:16,4,1,0
BRDA:17,5,0,0
BRDA:17,5,1,0
BRDA:18,6,0,0
BRDA:18,6,1,0
BRDA:19,7,0,0
BRDA:19,7,1,0
BRDA:20,8,0,0
BRDA:20,8,1,0
BRDA:23,9,0,0
BRDA:23,9,1,0
BRDA:24,10,0,0
BRDA:24,10,1,0
BRDA:25,11,0,0
BRDA:25,11,1,0
BRDA:26,12,0,0
BRDA:26,12,1,0
BRDA:33,13,0,0
BRDA:33,13,1,0
BRF:28
BRH:0
end_of_record
TN:
SF:app\api\audit-log\[registro-id]\route.ts
FN:21,GET
FNF:1
FNH:0
FNDA:0,GET
DA:1,0
DA:2,0
DA:3,0
DA:4,0
DA:6,0
DA:10,0
DA:21,0
DA:22,0
DA:23,0
DA:25,0
DA:26,0
DA:27,0
DA:29,0
DA:33,0
DA:38,0
DA:44,0
LF:16
LH:0
BRDA:23,0,0,0
BRDA:23,0,1,0
BRDA:27,1,0,0
BRDA:27,1,1,0
BRDA:29,2,0,0
BRDA:29,2,1,0
BRDA:30,3,0,0
BRDA:30,3,1,0
BRDA:30,4,0,0
BRDA:30,4,1,0
BRDA:35,5,0,0
BRDA:35,5,1,0
BRF:12
BRH:0
end_of_record
TN:
SF:app\api\audit-log\by-id\[id]\route.ts
FN:9,GET
FNF:1
FNH:0
FNDA:0,GET
DA:1,0
DA:2,0
DA:3,0
DA:4,0
DA:6,0
DA:9,0
DA:10,0
DA:11,0
DA:13,0
DA:14,0
DA:15,0
DA:17,0
LF:12
LH:0
BRDA:11,0,0,0
BRDA:11,0,1,0
BRDA:15,1,0,0
BRDA:15,1,1,0
BRF:4
BRH:0
end_of_record
TN:
SF:app\api\auth\[...nextauth]\route.ts
FNF:0
FNH:0
DA:1,0
DA:2,0
DA:3,0
DA:4,0
DA:5,0
LF:5
LH:0
BRF:0
BRH:0
end_of_record
TN:
SF:app\api\colaboradores\route.ts
FN:10,GET
FN:61,(anonymous_1)
FN:73,POST
FNF:3
FNH:0
FNDA:0,GET
FNDA:0,(anonymous_1)
FNDA:0,POST
DA:1,0
DA:2,0
DA:3,0
DA:4,0
DA:5,0
DA:8,0
DA:10,0
DA:11,0
DA:12,0
DA:13,0
DA:15,0
DA:16,0
DA:17,0
DA:18,0
DA:19,0
DA:20,0
DA:21,0
DA:22,0
DA:24,0
DA:27,0
DA:29,0
DA:31,0
DA:32,0
DA:33,0
DA:42,0
DA:43,0
DA:45,0
DA:46,0
DA:48,0
DA:61,0
DA:66,0
DA:68,0
DA:69,0
DA:73,0
DA:74,0
DA:75,0
DA:76,0
DA:78,0
DA:79,0
DA:80,0
DA:82,0
DA:92,0
DA:94,0
DA:95,0
LF:44
LH:0
BRDA:13,0,0,0
BRDA:13,0,1,0
BRDA:16,1,0,0
BRDA:16,1,1,0
BRDA:17,2,0,0
BRDA:17,2,1,0
BRDA:18,3,0,0
BRDA:18,3,1,0
BRDA:19,4,0,0
BRDA:19,4,1,0
BRDA:20,5,0,0
BRDA:20,5,1,0
BRDA:21,6,0,0
BRDA:21,6,1,0
BRDA:22,7,0,0
BRDA:22,7,1,0
BRDA:27,8,0,0
BRDA:27,8,1,0
BRDA:31,9,0,0
BRDA:31,9,1,0
BRDA:37,10,0,0
BRDA:37,10,1,0
BRDA:42,11,0,0
BRDA:42,11,1,0
BRDA:43,12,0,0
BRDA:43,12,1,0
BRDA:45,13,0,0
BRDA:45,13,1,0
BRDA:63,14,0,0
BRDA:63,14,1,0
BRDA:63,15,0,0
BRDA:63,15,1,0
BRDA:63,16,0,0
BRDA:63,16,1,0
BRDA:63,17,0,0
BRDA:63,17,1,0
BRDA:63,18,0,0
BRDA:63,18,1,0
BRDA:63,19,0,0
BRDA:63,19,1,0
BRDA:68,20,0,0
BRDA:68,20,1,0
BRDA:76,21,0,0
BRDA:76,21,1,0
BRF:44
BRH:0
end_of_record
TN:
SF:app\api\colaboradores\[id]\route.ts
FN:10,GET
FN:24,PUT
FN:49,DELETE
FNF:3
FNH:0
FNDA:0,GET
FNDA:0,PUT
FNDA:0,DELETE
DA:1,0
DA:2,0
DA:3,0
DA:4,0
DA:5,0
DA:7,0
DA:10,0
DA:11,0
DA:12,0
DA:13,0
DA:14,0
DA:15,0
DA:17,0
DA:21,0
DA:24,0
DA:25,0
DA:26,0
DA:27,0
DA:28,0
DA:29,0
DA:30,0
DA:32,0
DA:33,0
DA:35,0
DA:46,0
DA:49,0
DA:50,0
DA:51,0
DA:52,0
DA:53,0
DA:55,0
DA:56,0
DA:58,0
DA:68,0
LF:34
LH:0
BRDA:12,0,0,0
BRDA:12,0,1,0
BRDA:15,1,0,0
BRDA:15,1,1,0
BRDA:19,2,0,0
BRDA:19,2,1,0
BRDA:19,3,0,0
BRDA:19,3,1,0
BRDA:19,4,0,0
BRDA:19,4,1,0
BRDA:19,5,0,0
BRDA:19,5,1,0
BRDA:19,6,0,0
BRDA:19,6,1,0
BRDA:19,7,0,0
BRDA:19,7,1,0
BRDA:26,8,0,0
BRDA:26,8,1,0
BRDA:51,9,0,0
BRDA:51,9,1,0
BRDA:62,10,0,0
BRDA:62,10,1,0
BRDA:62,11,0,0
BRDA:62,11,1,0
BRDA:62,12,0,0
BRDA:62,12,1,0
BRDA:62,13,0,0
BRDA:62,13,1,0
BRF:28
BRH:0
end_of_record
TN:
SF:app\api\colaboradores\[id]\alocacoes\route.ts
FN:9,GET
FN:85,(anonymous_1)
FN:92,(anonymous_2)
FN:99,(anonymous_3)
FN:105,(anonymous_4)
FNF:5
FNH:0
FNDA:0,GET
FNDA:0,(anonymous_1)
FNDA:0,(anonymous_2)
FNDA:0,(anonymous_3)
FNDA:0,(anonymous_4)
DA:1,0
DA:2,0
DA:3,0
DA:4,0
DA:6,0
DA:9,0
DA:10,0
DA:11,0
DA:13,0
DA:15,0
DA:84,0
DA:85,0
DA:92,0
DA:99,0
DA:105,0
LF:15
LH:0
BRDA:11,0,0,0
BRDA:11,0,1,0
BRDA:90,1,0,0
BRDA:90,1,1,0
BRDA:90,2,0,0
BRDA:90,2,1,0
BRDA:90,3,0,0
BRDA:90,3,1,0
BRDA:90,4,0,0
BRDA:90,4,1,0
BRDA:90,5,0,0
BRDA:90,5,1,0
BRDA:90,6,0,0
BRDA:90,6,1,0
BRDA:90,7,0,0
BRDA:90,7,1,0
BRDA:90,8,0,0
BRDA:90,8,1,0
BRDA:90,9,0,0
BRDA:90,9,1,0
BRDA:90,10,0,0
BRDA:90,10,1,0
BRDA:97,11,0,0
BRDA:97,11,1,0
BRDA:97,12,0,0
BRDA:97,12,1,0
BRDA:97,13,0,0
BRDA:97,13,1,0
BRDA:97,14,0,0
BRDA:97,14,1,0
BRDA:97,15,0,0
BRDA:97,15,1,0
BRDA:97,16,0,0
BRDA:97,16,1,0
BRDA:97,17,0,0
BRDA:97,17,1,0
BRDA:97,18,0,0
BRDA:97,18,1,0
BRDA:97,19,0,0
BRDA:97,19,1,0
BRDA:97,20,0,0
BRDA:97,20,1,0
BRDA:103,21,0,0
BRDA:103,21,1,0
BRDA:103,22,0,0
BRDA:103,22,1,0
BRDA:103,23,0,0
BRDA:103,23,1,0
BRDA:103,24,0,0
BRDA:103,24,1,0
BRDA:103,25,0,0
BRDA:103,25,1,0
BRDA:103,26,0,0
BRDA:103,26,1,0
BRDA:103,27,0,0
BRDA:103,27,1,0
BRDA:103,28,0,0
BRDA:103,28,1,0
BRDA:103,29,0,0
BRDA:103,29,1,0
BRDA:103,30,0,0
BRDA:103,30,1,0
BRDA:110,31,0,0
BRDA:110,31,1,0
BRDA:110,32,0,0
BRDA:110,32,1,0
BRDA:110,33,0,0
BRDA:110,33,1,0
BRDA:110,34,0,0
BRDA:110,34,1,0
BRDA:110,35,0,0
BRDA:110,35,1,0
BRDA:110,36,0,0
BRDA:110,36,1,0
BRDA:110,37,0,0
BRDA:110,37,1,0
BRDA:110,38,0,0
BRDA:110,38,1,0
BRDA:110,39,0,0
BRDA:110,39,1,0
BRDA:110,40,0,0
BRDA:110,40,1,0
BRF:82
BRH:0
end_of_record
TN:
SF:app\api\dashboard\route.ts
FN:8,GET
FNF:1
FNH:0
FNDA:0,GET
DA:1,0
DA:2,0
DA:3,0
DA:4,0
DA:6,0
DA:8,0
DA:9,0
DA:10,0
DA:27,0
DA:48,0
LF:10
LH:0
BRDA:10,0,0,0
BRDA:10,0,1,0
BRF:2
BRH:0
end_of_record
TN:
SF:app\api\dashboard\pdf-data\route.ts
FN:8,GET
FN:51,mapAlocacoes
FN:52,(anonymous_2)
FN:54,(anonymous_3)
FNF:4
FNH:0
FNDA:0,GET
FNDA:0,mapAlocacoes
FNDA:0,(anonymous_2)
FNDA:0,(anonymous_3)
DA:1,0
DA:2,0
DA:3,0
DA:4,0
DA:6,0
DA:8,0
DA:9,0
DA:10,0
DA:12,0
DA:52,0
DA:54,0
DA:66,0
LF:12
LH:0
BRDA:10,0,0,0
BRDA:10,0,1,0
BRDA:59,1,0,0
BRDA:59,1,1,0
BRF:4
BRH:0
end_of_record
TN:
SF:app\api\impressoras\route.ts
FN:9,GET
FN:59,(anonymous_1)
FN:71,POST
FNF:3
FNH:0
FNDA:0,GET
FNDA:0,(anonymous_1)
FNDA:0,POST
DA:1,0
DA:2,0
DA:3,0
DA:4,0
DA:5,0
DA:7,0
DA:9,0
DA:10,0
DA:11,0
DA:12,0
DA:14,0
DA:15,0
DA:16,0
DA:17,0
DA:18,0
DA:19,0
DA:20,0
DA:22,0
DA:25,0
DA:27,0
DA:29,0
DA:30,0
DA:41,0
DA:43,0
DA:44,0
DA:46,0
DA:59,0
DA:64,0
DA:66,0
DA:67,0
DA:71,0
DA:72,0
DA:73,0
DA:74,0
DA:76,0
DA:77,0
DA:78,0
DA:80,0
DA:90,0
DA:92,0
DA:93,0
LF:41
LH:0
BRDA:12,0,0,0
BRDA:12,0,1,0
BRDA:15,1,0,0
BRDA:15,1,1,0
BRDA:16,2,0,0
BRDA:16,2,1,0
BRDA:17,3,0,0
BRDA:17,3,1,0
BRDA:18,4,0,0
BRDA:18,4,1,0
BRDA:19,5,0,0
BRDA:19,5,1,0
BRDA:20,6,0,0
BRDA:20,6,1,0
BRDA:25,7,0,0
BRDA:25,7,1,0
BRDA:29,8,0,0
BRDA:29,8,1,0
BRDA:41,9,0,0
BRDA:41,9,1,0
BRDA:43,10,0,0
BRDA:43,10,1,0
BRDA:61,11,0,0
BRDA:61,11,1,0
BRDA:61,12,0,0
BRDA:61,12,1,0
BRDA:61,13,0,0
BRDA:61,13,1,0
BRDA:61,14,0,0
BRDA:61,14,1,0
BRDA:61,15,0,0
BRDA:61,15,1,0
BRDA:61,16,0,0
BRDA:61,16,1,0
BRDA:61,17,0,0
BRDA:61,17,1,0
BRDA:61,18,0,0
BRDA:61,18,1,0
BRDA:66,19,0,0
BRDA:66,19,1,0
BRDA:74,20,0,0
BRDA:74,20,1,0
BRDA:84,21,0,0
BRDA:84,21,1,0
BRDA:84,22,0,0
BRDA:84,22,1,0
BRDA:84,23,0,0
BRDA:84,23,1,0
BRDA:84,24,0,0
BRDA:84,24,1,0
BRF:50
BRH:0
end_of_record
TN:
SF:app\api\impressoras\[id]\route.ts
FN:10,GET
FN:25,PUT
FN:50,DELETE
FNF:3
FNH:0
FNDA:0,GET
FNDA:0,PUT
FNDA:0,DELETE
DA:1,0
DA:2,0
DA:3,0
DA:4,0
DA:5,0
DA:7,0
DA:10,0
DA:11,0
DA:12,0
DA:13,0
DA:14,0
DA:15,0
DA:17,0
DA:22,0
DA:25,0
DA:26,0
DA:27,0
DA:28,0
DA:29,0
DA:30,0
DA:31,0
DA:33,0
DA:34,0
DA:36,0
DA:47,0
DA:50,0
DA:51,0
DA:52,0
DA:53,0
DA:54,0
DA:56,0
DA:57,0
DA:59,0
DA:69,0
LF:34
LH:0
BRDA:12,0,0,0
BRDA:12,0,1,0
BRDA:15,1,0,0
BRDA:15,1,1,0
BRDA:19,2,0,0
BRDA:19,2,1,0
BRDA:19,3,0,0
BRDA:19,3,1,0
BRDA:19,4,0,0
BRDA:19,4,1,0
BRDA:19,5,0,0
BRDA:19,5,1,0
BRDA:19,6,0,0
BRDA:19,6,1,0
BRDA:19,7,0,0
BRDA:19,7,1,0
BRDA:27,8,0,0
BRDA:27,8,1,0
BRDA:52,9,0,0
BRDA:52,9,1,0
BRDA:63,10,0,0
BRDA:63,10,1,0
BRDA:63,11,0,0
BRDA:63,11,1,0
BRDA:63,12,0,0
BRDA:63,12,1,0
BRDA:63,13,0,0
BRDA:63,13,1,0
BRF:28
BRH:0
end_of_record
TN:
SF:app\api\inventario\search\route.ts
FN:8,GET
FN:35,(anonymous_1)
FN:57,(anonymous_2)
FN:79,(anonymous_3)
FN:100,(anonymous_4)
FNF:5
FNH:0
FNDA:0,GET
FNDA:0,(anonymous_1)
FNDA:0,(anonymous_2)
FNDA:0,(anonymous_3)
FNDA:0,(anonymous_4)
DA:1,0
DA:2,0
DA:3,0
DA:4,0
DA:6,0
DA:8,0
DA:9,0
DA:10,0
DA:12,0
DA:13,0
DA:14,0
DA:16,0
DA:17,0
DA:20,0
DA:21,0
DA:23,0
DA:34,0
DA:35,0
DA:45,0
DA:56,0
DA:57,0
DA:67,0
DA:78,0
DA:79,0
DA:89,0
DA:99,0
DA:100,0
DA:110,0
DA:113,0
DA:114,0
LF:30
LH:0
BRDA:10,0,0,0
BRDA:10,0,1,0
BRDA:13,1,0,0
BRDA:13,1,1,0
BRDA:14,2,0,0
BRDA:14,2,1,0
BRDA:16,3,0,0
BRDA:16,3,1,0
BRDA:16,4,0,0
BRDA:16,4,1,0
BRDA:16,4,2,0
BRDA:21,5,0,0
BRDA:21,5,1,0
BRDA:21,5,2,0
BRDA:21,5,3,0
BRDA:21,5,4,0
BRDA:37,6,0,0
BRDA:37,6,1,0
BRDA:37,6,2,0
BRDA:39,7,0,0
BRDA:39,7,1,0
BRDA:59,8,0,0
BRDA:59,8,1,0
BRDA:59,8,2,0
BRDA:61,9,0,0
BRDA:61,9,1,0
BRDA:81,10,0,0
BRDA:81,10,1,0
BRDA:82,11,0,0
BRDA:82,11,1,0
BRDA:83,12,0,0
BRDA:83,12,1,0
BRDA:102,13,0,0
BRDA:102,13,1,0
BRDA:103,14,0,0
BRDA:103,14,1,0
BRDA:104,15,0,0
BRDA:104,15,1,0
BRF:38
BRH:0
end_of_record
TN:
SF:app\api\maquinas\route.ts
FN:10,GET
FN:87,(anonymous_1)
FN:90,(anonymous_2)
FN:113,POST
FNF:4
FNH:0
FNDA:0,GET
FNDA:0,(anonymous_1)
FNDA:0,(anonymous_2)
FNDA:0,POST
DA:2,0
DA:3,0
DA:4,0
DA:5,0
DA:6,0
DA:8,0
DA:10,0
DA:11,0
DA:12,0
DA:13,0
DA:15,0
DA:16,0
DA:17,0
DA:18,0
DA:19,0
DA:20,0
DA:21,0
DA:22,0
DA:23,0
DA:24,0
DA:26,0
DA:30,0
DA:32,0
DA:34,0
DA:35,0
DA:53,0
DA:54,0
DA:55,0
DA:57,0
DA:58,0
DA:59,0
DA:60,0
DA:63,0
DA:65,0
DA:69,0
DA:87,0
DA:90,0
DA:106,0
DA:108,0
DA:109,0
DA:113,0
DA:114,0
DA:115,0
DA:116,0
DA:118,0
DA:119,0
DA:120,0
DA:122,0
DA:132,0
DA:134,0
DA:135,0
LF:51
LH:0
BRDA:13,0,0,0
BRDA:13,0,1,0
BRDA:16,1,0,0
BRDA:16,1,1,0
BRDA:17,2,0,0
BRDA:17,2,1,0
BRDA:18,3,0,0
BRDA:18,3,1,0
BRDA:19,4,0,0
BRDA:19,4,1,0
BRDA:20,5,0,0
BRDA:20,5,1,0
BRDA:21,6,0,0
BRDA:21,6,1,0
BRDA:22,7,0,0
BRDA:22,7,1,0
BRDA:23,8,0,0
BRDA:23,8,1,0
BRDA:24,9,0,0
BRDA:24,9,1,0
BRDA:30,10,0,0
BRDA:30,10,1,0
BRDA:34,11,0,0
BRDA:34,11,1,0
BRDA:53,12,0,0
BRDA:53,12,1,0
BRDA:54,13,0,0
BRDA:54,13,1,0
BRDA:55,14,0,0
BRDA:55,14,1,0
BRDA:57,15,0,0
BRDA:57,15,1,0
BRDA:59,16,0,0
BRDA:59,16,1,0
BRDA:63,17,0,0
BRDA:63,17,1,0
BRDA:65,18,0,0
BRDA:65,18,1,0
BRDA:89,19,0,0
BRDA:89,19,1,0
BRDA:89,20,0,0
BRDA:89,20,1,0
BRDA:89,21,0,0
BRDA:89,21,1,0
BRDA:89,22,0,0
BRDA:89,22,1,0
BRDA:89,23,0,0
BRDA:89,23,1,0
BRDA:89,24,0,0
BRDA:89,24,1,0
BRDA:96,25,0,0
BRDA:96,25,1,0
BRDA:108,26,0,0
BRDA:108,26,1,0
BRDA:116,27,0,0
BRDA:116,27,1,0
BRDA:126,28,0,0
BRDA:126,28,1,0
BRDA:126,29,0,0
BRDA:126,29,1,0
BRDA:126,30,0,0
BRDA:126,30,1,0
BRDA:126,31,0,0
BRDA:126,31,1,0
BRF:64
BRH:0
end_of_record
TN:
SF:app\api\maquinas\[id]\route.ts
FN:10,GET
FN:32,(anonymous_2)
FN:52,PUT
FN:77,DELETE
FNF:4
FNH:0
FNDA:0,GET
FNDA:0,(anonymous_2)
FNDA:0,PUT
FNDA:0,DELETE
DA:1,0
DA:2,0
DA:3,0
DA:4,0
DA:5,0
DA:7,0
DA:10,0
DA:11,0
DA:12,0
DA:14,0
DA:16,0
DA:28,0
DA:30,0
DA:32,0
DA:49,0
DA:52,0
DA:53,0
DA:54,0
DA:55,0
DA:56,0
DA:57,0
DA:58,0
DA:60,0
DA:61,0
DA:63,0
DA:74,0
DA:77,0
DA:78,0
DA:79,0
DA:80,0
DA:81,0
DA:83,0
DA:84,0
DA:86,0
DA:96,0
LF:35
LH:0
BRDA:12,0,0,0
BRDA:12,0,1,0
BRDA:28,1,0,0
BRDA:28,1,1,0
BRDA:38,2,0,0
BRDA:38,2,1,0
BRDA:46,3,0,0
BRDA:46,3,1,0
BRDA:46,4,0,0
BRDA:46,4,1,0
BRDA:46,5,0,0
BRDA:46,5,1,0
BRDA:46,6,0,0
BRDA:46,6,1,0
BRDA:46,7,0,0
BRDA:46,7,1,0
BRDA:46,8,0,0
BRDA:46,8,1,0
BRDA:54,9,0,0
BRDA:54,9,1,0
BRDA:79,10,0,0
BRDA:79,10,1,0
BRDA:90,11,0,0
BRDA:90,11,1,0
BRDA:90,12,0,0
BRDA:90,12,1,0
BRDA:90,13,0,0
BRDA:90,13,1,0
BRDA:90,14,0,0
BRDA:90,14,1,0
BRF:30
BRH:0
end_of_record
TN:
SF:app\api\movimentacoes\route.ts
FN:9,GET
FN:63,POST
FNF:2
FNH:0
FNDA:0,GET
FNDA:0,POST
DA:1,0
DA:2,0
DA:3,0
DA:4,0
DA:5,0
DA:7,0
DA:9,0
DA:10,0
DA:11,0
DA:12,0
DA:14,0
DA:15,0
DA:16,0
DA:17,0
DA:18,0
DA:19,0
DA:20,0
DA:21,0
DA:22,0
DA:23,0
DA:25,0
DA:26,0
DA:27,0
DA:28,0
DA:29,0
DA:31,0
DA:32,0
DA:33,0
DA:35,0
DA:36,0
DA:37,0
DA:38,0
DA:40,0
DA:43,0
DA:45,0
DA:56,0
DA:58,0
DA:59,0
DA:63,0
DA:64,0
DA:65,0
DA:66,0
DA:68,0
DA:69,0
DA:71,0
DA:72,0
DA:73,0
DA:75,0
DA:78,0
DA:80,0
DA:90,0
DA:92,0
DA:93,0
LF:53
LH:0
BRDA:12,0,0,0
BRDA:12,0,1,0
BRDA:15,1,0,0
BRDA:15,1,1,0
BRDA:16,2,0,0
BRDA:16,2,1,0
BRDA:17,3,0,0
BRDA:17,3,1,0
BRDA:18,4,0,0
BRDA:18,4,1,0
BRDA:19,5,0,0
BRDA:19,5,1,0
BRDA:20,6,0,0
BRDA:20,6,1,0
BRDA:21,7,0,0
BRDA:21,7,1,0
BRDA:22,8,0,0
BRDA:22,8,1,0
BRDA:23,9,0,0
BRDA:23,9,1,0
BRDA:26,10,0,0
BRDA:26,10,1,0
BRDA:27,11,0,0
BRDA:27,11,1,0
BRDA:29,12,0,0
BRDA:29,12,1,0
BRDA:31,13,0,0
BRDA:31,13,1,0
BRDA:33,14,0,0
BRDA:33,14,1,0
BRDA:35,15,0,0
BRDA:35,15,1,0
BRDA:35,16,0,0
BRDA:35,16,1,0
BRDA:37,17,0,0
BRDA:37,17,1,0
BRDA:38,18,0,0
BRDA:38,18,1,0
BRDA:43,19,0,0
BRDA:43,19,1,0
BRDA:66,20,0,0
BRDA:66,20,1,0
BRDA:72,21,0,0
BRDA:72,21,1,0
BRDA:84,22,0,0
BRDA:84,22,1,0
BRDA:84,23,0,0
BRDA:84,23,1,0
BRF:48
BRH:0
end_of_record
TN:
SF:app\api\movimentacoes\[id]\route.ts
FN:9,GET
FN:18,PUT
FN:36,DELETE
FNF:3
FNH:0
FNDA:0,GET
FNDA:0,PUT
FNDA:0,DELETE
DA:1,0
DA:2,0
DA:3,0
DA:4,0
DA:5,0
DA:9,0
DA:10,0
DA:11,0
DA:12,0
DA:13,0
DA:14,0
DA:15,0
DA:18,0
DA:19,0
DA:20,0
DA:21,0
DA:22,0
DA:23,0
DA:25,0
DA:26,0
DA:27,0
DA:28,0
DA:29,0
DA:32,0
DA:33,0
DA:36,0
DA:37,0
DA:38,0
DA:39,0
DA:40,0
DA:41,0
LF:31
LH:0
BRDA:11,0,0,0
BRDA:11,0,1,0
BRDA:14,1,0,0
BRDA:14,1,1,0
BRDA:20,2,0,0
BRDA:20,2,1,0
BRDA:26,3,0,0
BRDA:26,3,1,0
BRDA:28,4,0,0
BRDA:28,4,1,0
BRDA:38,5,0,0
BRDA:38,5,1,0
BRF:12
BRH:0
end_of_record
TN:
SF:app\api\notebooks\route.ts
FN:10,GET
FN:84,(anonymous_1)
FN:87,(anonymous_2)
FN:112,POST
FNF:4
FNH:0
FNDA:0,GET
FNDA:0,(anonymous_1)
FNDA:0,(anonymous_2)
FNDA:0,POST
DA:1,0
DA:2,0
DA:3,0
DA:4,0
DA:5,0
DA:8,0
DA:10,0
DA:11,0
DA:12,0
DA:13,0
DA:15,0
DA:16,0
DA:17,0
DA:18,0
DA:19,0
DA:20,0
DA:21,0
DA:22,0
DA:23,0
DA:24,0
DA:26,0
DA:30,0
DA:32,0
DA:34,0
DA:35,0
DA:53,0
DA:54,0
DA:55,0
DA:57,0
DA:58,0
DA:59,0
DA:60,0
DA:63,0
DA:64,0
DA:66,0
DA:84,0
DA:87,0
DA:105,0
DA:107,0
DA:108,0
DA:112,0
DA:113,0
DA:114,0
DA:115,0
DA:117,0
DA:118,0
DA:119,0
DA:121,0
DA:131,0
DA:133,0
DA:134,0
LF:51
LH:0
BRDA:13,0,0,0
BRDA:13,0,1,0
BRDA:16,1,0,0
BRDA:16,1,1,0
BRDA:17,2,0,0
BRDA:17,2,1,0
BRDA:18,3,0,0
BRDA:18,3,1,0
BRDA:19,4,0,0
BRDA:19,4,1,0
BRDA:20,5,0,0
BRDA:20,5,1,0
BRDA:21,6,0,0
BRDA:21,6,1,0
BRDA:22,7,0,0
BRDA:22,7,1,0
BRDA:23,8,0,0
BRDA:23,8,1,0
BRDA:24,9,0,0
BRDA:24,9,1,0
BRDA:30,10,0,0
BRDA:30,10,1,0
BRDA:34,11,0,0
BRDA:34,11,1,0
BRDA:53,12,0,0
BRDA:53,12,1,0
BRDA:54,13,0,0
BRDA:54,13,1,0
BRDA:55,14,0,0
BRDA:55,14,1,0
BRDA:57,15,0,0
BRDA:57,15,1,0
BRDA:59,16,0,0
BRDA:59,16,1,0
BRDA:63,17,0,0
BRDA:63,17,1,0
BRDA:86,18,0,0
BRDA:86,18,1,0
BRDA:86,19,0,0
BRDA:86,19,1,0
BRDA:86,20,0,0
BRDA:86,20,1,0
BRDA:86,21,0,0
BRDA:86,21,1,0
BRDA:86,22,0,0
BRDA:86,22,1,0
BRDA:86,23,0,0
BRDA:86,23,1,0
BRDA:94,24,0,0
BRDA:94,24,1,0
BRDA:107,25,0,0
BRDA:107,25,1,0
BRDA:115,26,0,0
BRDA:115,26,1,0
BRDA:125,27,0,0
BRDA:125,27,1,0
BRDA:125,28,0,0
BRDA:125,28,1,0
BRDA:125,29,0,0
BRDA:125,29,1,0
BRDA:125,30,0,0
BRDA:125,30,1,0
BRF:62
BRH:0
end_of_record
TN:
SF:app\api\notebooks\[id]\route.ts
FN:10,GET
FN:32,(anonymous_2)
FN:54,PUT
FN:113,DELETE
FNF:4
FNH:0
FNDA:0,GET
FNDA:0,(anonymous_2)
FNDA:0,PUT
FNDA:0,DELETE
DA:1,0
DA:2,0
DA:3,0
DA:4,0
DA:5,0
DA:7,0
DA:10,0
DA:11,0
DA:12,0
DA:14,0
DA:16,0
DA:28,0
DA:30,0
DA:32,0
DA:51,0
DA:54,0
DA:55,0
DA:56,0
DA:57,0
DA:59,0
DA:61,0
DA:62,0
DA:63,0
DA:65,0
DA:66,0
DA:69,0
DA:70,0
DA:72,0
DA:73,0
DA:74,0
DA:78,0
DA:79,0
DA:82,0
DA:83,0
DA:88,0
DA:89,0
DA:92,0
DA:93,0
DA:97,0
DA:99,0
DA:110,0
DA:113,0
DA:114,0
DA:115,0
DA:116,0
DA:117,0
DA:119,0
DA:120,0
DA:122,0
DA:132,0
LF:50
LH:0
BRDA:12,0,0,0
BRDA:12,0,1,0
BRDA:28,1,0,0
BRDA:28,1,1,0
BRDA:39,2,0,0
BRDA:39,2,1,0
BRDA:48,3,0,0
BRDA:48,3,1,0
BRDA:48,4,0,0
BRDA:48,4,1,0
BRDA:48,5,0,0
BRDA:48,5,1,0
BRDA:48,6,0,0
BRDA:48,6,1,0
BRDA:48,7,0,0
BRDA:48,7,1,0
BRDA:48,8,0,0
BRDA:48,8,1,0
BRDA:56,9,0,0
BRDA:56,9,1,0
BRDA:59,10,0,0
BRDA:59,10,1,0
BRDA:66,11,0,0
BRDA:66,11,1,0
BRDA:70,12,0,0
BRDA:70,12,1,0
BRDA:73,13,0,0
BRDA:73,13,1,0
BRDA:73,14,0,0
BRDA:73,14,1,0
BRDA:78,15,0,0
BRDA:78,15,1,0
BRDA:82,16,0,0
BRDA:82,16,1,0
BRDA:88,17,0,0
BRDA:88,17,1,0
BRDA:92,18,0,0
BRDA:92,18,1,0
BRDA:115,19,0,0
BRDA:115,19,1,0
BRDA:126,20,0,0
BRDA:126,20,1,0
BRDA:126,21,0,0
BRDA:126,21,1,0
BRDA:126,22,0,0
BRDA:126,22,1,0
BRDA:126,23,0,0
BRDA:126,23,1,0
BRF:48
BRH:0
end_of_record
TN:
SF:app\api\racks\route.ts
FN:9,GET
FN:52,POST
FNF:2
FNH:0
FNDA:0,GET
FNDA:0,POST
DA:1,0
DA:2,0
DA:3,0
DA:4,0
DA:5,0
DA:7,0
DA:9,0
DA:10,0
DA:11,0
DA:12,0
DA:14,0
DA:15,0
DA:16,0
DA:17,0
DA:18,0
DA:19,0
DA:20,0
DA:22,0
DA:23,0
DA:24,0
DA:29,0
DA:30,0
DA:33,0
DA:35,0
DA:45,0
DA:47,0
DA:48,0
DA:52,0
DA:53,0
DA:54,0
DA:55,0
DA:57,0
DA:58,0
DA:59,0
DA:61,0
DA:71,0
DA:73,0
DA:74,0
LF:38
LH:0
BRDA:12,0,0,0
BRDA:12,0,1,0
BRDA:15,1,0,0
BRDA:15,1,1,0
BRDA:16,2,0,0
BRDA:16,2,1,0
BRDA:17,3,0,0
BRDA:17,3,1,0
BRDA:18,4,0,0
BRDA:18,4,1,0
BRDA:19,5,0,0
BRDA:19,5,1,0
BRDA:20,6,0,0
BRDA:20,6,1,0
BRDA:23,7,0,0
BRDA:23,7,1,0
BRDA:29,8,0,0
BRDA:29,8,1,0
BRDA:33,9,0,0
BRDA:33,9,1,0
BRDA:55,10,0,0
BRDA:55,10,1,0
BRDA:65,11,0,0
BRDA:65,11,1,0
BRDA:65,12,0,0
BRDA:65,12,1,0
BRF:26
BRH:0
end_of_record
TN:
SF:app\api\racks\[id]\route.ts
FN:10,GET
FN:19,PUT
FN:44,DELETE
FNF:3
FNH:0
FNDA:0,GET
FNDA:0,PUT
FNDA:0,DELETE
DA:1,0
DA:2,0
DA:3,0
DA:4,0
DA:5,0
DA:7,0
DA:10,0
DA:11,0
DA:12,0
DA:13,0
DA:14,0
DA:15,0
DA:16,0
DA:19,0
DA:20,0
DA:21,0
DA:22,0
DA:23,0
DA:24,0
DA:25,0
DA:27,0
DA:28,0
DA:30,0
DA:41,0
DA:44,0
DA:45,0
DA:46,0
DA:47,0
DA:48,0
DA:50,0
DA:51,0
DA:53,0
DA:63,0
LF:33
LH:0
BRDA:12,0,0,0
BRDA:12,0,1,0
BRDA:15,1,0,0
BRDA:15,1,1,0
BRDA:21,2,0,0
BRDA:21,2,1,0
BRDA:46,3,0,0
BRDA:46,3,1,0
BRDA:57,4,0,0
BRDA:57,4,1,0
BRDA:57,5,0,0
BRDA:57,5,1,0
BRDA:57,6,0,0
BRDA:57,6,1,0
BRDA:57,7,0,0
BRDA:57,7,1,0
BRF:16
BRH:0
end_of_record
TN:
SF:app\api\ramais\route.ts
FN:10,GET
FN:111,(anonymous_1)
FN:127,(anonymous_2)
FN:130,(anonymous_3)
FN:157,POST
FNF:5
FNH:0
FNDA:0,GET
FNDA:0,(anonymous_1)
FNDA:0,(anonymous_2)
FNDA:0,(anonymous_3)
FNDA:0,POST
DA:1,0
DA:2,0
DA:3,0
DA:4,0
DA:5,0
DA:8,0
DA:10,0
DA:11,0
DA:12,0
DA:13,0
DA:15,0
DA:16,0
DA:17,0
DA:18,0
DA:19,0
DA:20,0
DA:21,0
DA:22,0
DA:23,0
DA:24,0
DA:25,0
DA:27,0
DA:31,0
DA:33,0
DA:36,0
DA:37,0
DA:60,0
DA:61,0
DA:64,0
DA:65,0
DA:68,0
DA:69,0
DA:72,0
DA:73,0
DA:74,0
DA:75,0
DA:78,0
DA:79,0
DA:86,0
DA:89,0
DA:93,0
DA:111,0
DA:112,0
DA:120,0
DA:121,0
DA:122,0
DA:123,0
DA:127,0
DA:130,0
DA:150,0
DA:152,0
DA:153,0
DA:157,0
DA:158,0
DA:159,0
DA:160,0
DA:162,0
DA:163,0
DA:164,0
DA:166,0
DA:176,0
DA:178,0
DA:182,0
LF:63
LH:0
BRDA:13,0,0,0
BRDA:13,0,1,0
BRDA:16,1,0,0
BRDA:16,1,1,0
BRDA:17,2,0,0
BRDA:17,2,1,0
BRDA:18,3,0,0
BRDA:18,3,1,0
BRDA:19,4,0,0
BRDA:19,4,1,0
BRDA:20,5,0,0
BRDA:20,5,1,0
BRDA:21,6,0,0
BRDA:21,6,1,0
BRDA:22,7,0,0
BRDA:22,7,1,0
BRDA:23,8,0,0
BRDA:23,8,1,0
BRDA:24,9,0,0
BRDA:24,9,1,0
BRDA:25,10,0,0
BRDA:25,10,1,0
BRDA:31,11,0,0
BRDA:31,11,1,0
BRDA:36,12,0,0
BRDA:36,12,1,0
BRDA:60,13,0,0
BRDA:60,13,1,0
BRDA:64,14,0,0
BRDA:64,14,1,0
BRDA:68,15,0,0
BRDA:68,15,1,0
BRDA:72,16,0,0
BRDA:72,16,1,0
BRDA:74,17,0,0
BRDA:74,17,1,0
BRDA:78,18,0,0
BRDA:78,18,1,0
BRDA:86,19,0,0
BRDA:86,19,1,0
BRDA:89,20,0,0
BRDA:89,20,1,0
BRDA:112,21,0,0
BRDA:112,21,1,0
BRDA:122,22,0,0
BRDA:122,22,1,0
BRDA:122,23,0,0
BRDA:122,23,1,0
BRDA:123,24,0,0
BRDA:123,24,1,0
BRDA:123,25,0,0
BRDA:123,25,1,0
BRDA:123,26,0,0
BRDA:123,26,1,0
BRDA:123,27,0,0
BRDA:123,27,1,0
BRDA:129,28,0,0
BRDA:129,28,1,0
BRDA:129,29,0,0
BRDA:129,29,1,0
BRDA:129,30,0,0
BRDA:129,30,1,0
BRDA:129,31,0,0
BRDA:129,31,1,0
BRDA:129,32,0,0
BRDA:129,32,1,0
BRDA:129,33,0,0
BRDA:129,33,1,0
BRDA:129,34,0,0
BRDA:129,34,1,0
BRDA:129,35,0,0
BRDA:129,35,1,0
BRDA:138,36,0,0
BRDA:138,36,1,0
BRDA:146,37,0,0
BRDA:146,37,1,0
BRDA:146,38,0,0
BRDA:146,38,1,0
BRDA:152,39,0,0
BRDA:152,39,1,0
BRDA:160,40,0,0
BRDA:160,40,1,0
BRDA:170,41,0,0
BRDA:170,41,1,0
BRDA:170,42,0,0
BRDA:170,42,1,0
BRDA:179,43,0,0
BRDA:179,43,1,0
BRDA:180,44,0,0
BRDA:180,44,1,0
BRF:90
BRH:0
end_of_record
TN:
SF:app\api\ramais\[id]\route.ts
FN:10,GET
FN:32,(anonymous_2)
FN:55,PUT
FN:80,DELETE
FNF:4
FNH:0
FNDA:0,GET
FNDA:0,(anonymous_2)
FNDA:0,PUT
FNDA:0,DELETE
DA:1,0
DA:2,0
DA:3,0
DA:4,0
DA:5,0
DA:7,0
DA:10,0
DA:11,0
DA:12,0
DA:14,0
DA:16,0
DA:28,0
DA:30,0
DA:32,0
DA:52,0
DA:55,0
DA:56,0
DA:57,0
DA:58,0
DA:59,0
DA:60,0
DA:61,0
DA:63,0
DA:64,0
DA:66,0
DA:77,0
DA:80,0
DA:81,0
DA:82,0
DA:83,0
DA:84,0
DA:86,0
DA:87,0
DA:89,0
DA:99,0
LF:35
LH:0
BRDA:12,0,0,0
BRDA:12,0,1,0
BRDA:28,1,0,0
BRDA:28,1,1,0
BRDA:40,2,0,0
BRDA:40,2,1,0
BRDA:49,3,0,0
BRDA:49,3,1,0
BRDA:49,4,0,0
BRDA:49,4,1,0
BRDA:49,5,0,0
BRDA:49,5,1,0
BRDA:49,6,0,0
BRDA:49,6,1,0
BRDA:49,7,0,0
BRDA:49,7,1,0
BRDA:49,8,0,0
BRDA:49,8,1,0
BRDA:57,9,0,0
BRDA:57,9,1,0
BRDA:82,10,0,0
BRDA:82,10,1,0
BRDA:93,11,0,0
BRDA:93,11,1,0
BRDA:93,12,0,0
BRDA:93,12,1,0
BRDA:93,13,0,0
BRDA:93,13,1,0
BRDA:93,14,0,0
BRDA:93,14,1,0
BRF:30
BRH:0
end_of_record
TN:
SF:app\api\search\route.ts
FN:8,GET
FN:135,(anonymous_1)
FN:149,(anonymous_2)
FN:157,(anonymous_3)
FN:165,(anonymous_4)
FN:173,(anonymous_5)
FN:181,(anonymous_6)
FN:189,(anonymous_7)
FNF:8
FNH:0
FNDA:0,GET
FNDA:0,(anonymous_1)
FNDA:0,(anonymous_2)
FNDA:0,(anonymous_3)
FNDA:0,(anonymous_4)
FNDA:0,(anonymous_5)
FNDA:0,(anonymous_6)
FNDA:0,(anonymous_7)
DA:1,0
DA:2,0
DA:3,0
DA:4,0
DA:6,0
DA:8,0
DA:9,0
DA:10,0
DA:11,0
DA:13,0
DA:14,0
DA:16,0
DA:19,0
DA:20,0
DA:22,0
DA:131,0
DA:134,0
DA:135,0
DA:136,0
DA:137,0
DA:141,0
DA:142,0
DA:143,0
DA:144,0
DA:145,0
DA:146,0
DA:148,0
DA:149,0
DA:157,0
DA:165,0
DA:173,0
DA:181,0
DA:189,0
DA:199,0
DA:201,0
DA:202,0
LF:36
LH:0
BRDA:11,0,0,0
BRDA:11,0,1,0
BRDA:14,1,0,0
BRDA:14,1,1,0
BRDA:16,2,0,0
BRDA:16,2,1,0
BRDA:28,3,0,0
BRDA:28,3,1,0
BRDA:136,4,0,0
BRDA:136,4,1,0
BRDA:137,5,0,0
BRDA:137,5,1,0
BRDA:137,6,0,0
BRDA:137,6,1,0
BRDA:137,7,0,0
BRDA:137,7,1,0
BRDA:137,8,0,0
BRDA:137,8,1,0
BRDA:141,9,0,0
BRDA:141,9,1,0
BRDA:142,10,0,0
BRDA:142,10,1,0
BRDA:143,11,0,0
BRDA:143,11,1,0
BRDA:144,12,0,0
BRDA:144,12,1,0
BRDA:145,13,0,0
BRDA:145,13,1,0
BRDA:146,14,0,0
BRDA:146,14,1,0
BRDA:153,15,0,0
BRDA:153,15,1,0
BRDA:153,16,0,0
BRDA:153,16,1,0
BRDA:153,17,0,0
BRDA:153,17,1,0
BRDA:153,18,0,0
BRDA:153,18,1,0
BRDA:153,19,0,0
BRDA:153,19,1,0
BRDA:153,20,0,0
BRDA:153,20,1,0
BRDA:154,21,0,0
BRDA:154,21,1,0
BRDA:154,22,0,0
BRDA:154,22,1,0
BRDA:160,23,0,0
BRDA:160,23,1,0
BRDA:160,23,2,0
BRDA:162,24,0,0
BRDA:162,24,1,0
BRDA:162,25,0,0
BRDA:162,25,1,0
BRDA:162,26,0,0
BRDA:162,26,1,0
BRDA:162,27,0,0
BRDA:162,27,1,0
BRDA:168,28,0,0
BRDA:168,28,1,0
BRDA:168,28,2,0
BRDA:170,29,0,0
BRDA:170,29,1,0
BRDA:170,30,0,0
BRDA:170,30,1,0
BRDA:170,31,0,0
BRDA:170,31,1,0
BRDA:170,32,0,0
BRDA:170,32,1,0
BRDA:176,33,0,0
BRDA:176,33,1,0
BRDA:177,34,0,0
BRDA:177,34,1,0
BRDA:178,35,0,0
BRDA:178,35,1,0
BRDA:178,36,0,0
BRDA:178,36,1,0
BRDA:178,37,0,0
BRDA:178,37,1,0
BRDA:178,38,0,0
BRDA:178,38,1,0
BRDA:184,39,0,0
BRDA:184,39,1,0
BRDA:185,40,0,0
BRDA:185,40,1,0
BRDA:185,41,0,0
BRDA:185,41,1,0
BRDA:185,42,0,0
BRDA:185,42,1,0
BRDA:185,43,0,0
BRDA:185,43,1,0
BRDA:185,44,0,0
BRDA:185,44,1,0
BRDA:185,45,0,0
BRDA:185,45,1,0
BRDA:192,46,0,0
BRDA:192,46,1,0
BRDA:194,47,0,0
BRDA:194,47,1,0
BRDA:194,48,0,0
BRDA:194,48,1,0
BRDA:194,49,0,0
BRDA:194,49,1,0
BRDA:194,50,0,0
BRDA:194,50,1,0
BRDA:201,51,0,0
BRDA:201,51,1,0
BRF:106
BRH:0
end_of_record
TN:
SF:app\api\setores\route.ts
FN:9,GET
FN:63,POST
FNF:2
FNH:0
FNDA:0,GET
FNDA:0,POST
DA:1,0
DA:2,0
DA:3,0
DA:4,0
DA:5,0
DA:7,0
DA:9,0
DA:10,0
DA:11,0
DA:12,0
DA:14,0
DA:15,0
DA:16,0
DA:17,0
DA:18,0
DA:19,0
DA:21,0
DA:22,0
DA:23,0
DA:25,0
DA:26,0
DA:31,0
DA:34,0
DA:56,0
DA:58,0
DA:59,0
DA:63,0
DA:64,0
DA:65,0
DA:66,0
DA:68,0
DA:69,0
DA:71,0
DA:72,0
DA:75,0
DA:76,0
DA:78,0
DA:82,0
DA:88,0
DA:90,0
DA:91,0
LF:41
LH:0
BRDA:12,0,0,0
BRDA:12,0,1,0
BRDA:15,1,0,0
BRDA:15,1,1,0
BRDA:16,2,0,0
BRDA:16,2,1,0
BRDA:18,3,0,0
BRDA:18,3,1,0
BRDA:19,4,0,0
BRDA:19,4,1,0
BRDA:22,5,0,0
BRDA:22,5,1,0
BRDA:23,6,0,0
BRDA:23,6,1,0
BRDA:25,7,0,0
BRDA:25,7,1,0
BRDA:66,8,0,0
BRDA:66,8,1,0
BRDA:71,9,0,0
BRDA:71,9,1,0
BRDA:71,10,0,0
BRDA:71,10,1,0
BRDA:71,11,0,0
BRDA:71,11,1,0
BRDA:76,12,0,0
BRDA:76,12,1,0
BRDA:79,13,0,0
BRDA:79,13,1,0
BRF:28
BRH:0
end_of_record
TN:
SF:app\api\setores\[id]\route.ts
FN:10,PUT
FN:43,DELETE
FNF:2
FNH:0
FNDA:0,PUT
FNDA:0,DELETE
DA:1,0
DA:2,0
DA:3,0
DA:4,0
DA:5,0
DA:7,0
DA:10,0
DA:11,0
DA:12,0
DA:13,0
DA:15,0
DA:16,0
DA:17,0
DA:19,0
DA:20,0
DA:22,0
DA:23,0
DA:24,0
DA:25,0
DA:27,0
DA:29,0
DA:36,0
DA:38,0
DA:39,0
DA:43,0
DA:44,0
DA:45,0
DA:46,0
DA:48,0
DA:49,0
DA:52,0
DA:57,0
DA:63,0
DA:65,0
DA:66,0
LF:35
LH:0
BRDA:13,0,0,0
BRDA:13,0,1,0
BRDA:20,1,0,0
BRDA:20,1,1,0
BRDA:23,2,0,0
BRDA:23,2,1,0
BRDA:24,3,0,0
BRDA:24,3,1,0
BRDA:24,4,0,0
BRDA:24,4,1,0
BRDA:25,5,0,0
BRDA:25,5,1,0
BRDA:46,6,0,0
BRDA:46,6,1,0
BRF:14
BRH:0
end_of_record
TN:
SF:app\api\solicitacoes\route.ts
FN:9,GET
FN:64,POST
FNF:2
FNH:0
FNDA:0,GET
FNDA:0,POST
DA:1,0
DA:2,0
DA:3,0
DA:4,0
DA:5,0
DA:7,0
DA:9,0
DA:10,0
DA:11,0
DA:12,0
DA:14,0
DA:15,0
DA:16,0
DA:17,0
DA:18,0
DA:19,0
DA:20,0
DA:21,0
DA:22,0
DA:23,0
DA:25,0
DA:26,0
DA:27,0
DA:28,0
DA:30,0
DA:31,0
DA:32,0
DA:34,0
DA:35,0
DA:36,0
DA:38,0
DA:39,0
DA:40,0
DA:41,0
DA:43,0
DA:46,0
DA:47,0
DA:57,0
DA:59,0
DA:60,0
DA:64,0
DA:65,0
DA:66,0
DA:67,0
DA:69,0
DA:70,0
DA:72,0
DA:73,0
DA:74,0
DA:76,0
DA:79,0
DA:81,0
DA:91,0
DA:93,0
DA:94,0
LF:55
LH:0
BRDA:12,0,0,0
BRDA:12,0,1,0
BRDA:15,1,0,0
BRDA:15,1,1,0
BRDA:16,2,0,0
BRDA:16,2,1,0
BRDA:17,3,0,0
BRDA:17,3,1,0
BRDA:18,4,0,0
BRDA:18,4,1,0
BRDA:19,5,0,0
BRDA:19,5,1,0
BRDA:20,6,0,0
BRDA:20,6,1,0
BRDA:21,7,0,0
BRDA:21,7,1,0
BRDA:22,8,0,0
BRDA:22,8,1,0
BRDA:23,9,0,0
BRDA:23,9,1,0
BRDA:26,10,0,0
BRDA:26,10,1,0
BRDA:28,11,0,0
BRDA:28,11,1,0
BRDA:30,12,0,0
BRDA:30,12,1,0
BRDA:32,13,0,0
BRDA:32,13,1,0
BRDA:34,14,0,0
BRDA:34,14,1,0
BRDA:36,15,0,0
BRDA:36,15,1,0
BRDA:38,16,0,0
BRDA:38,16,1,0
BRDA:38,17,0,0
BRDA:38,17,1,0
BRDA:40,18,0,0
BRDA:40,18,1,0
BRDA:41,19,0,0
BRDA:41,19,1,0
BRDA:46,20,0,0
BRDA:46,20,1,0
BRDA:67,21,0,0
BRDA:67,21,1,0
BRDA:73,22,0,0
BRDA:73,22,1,0
BRDA:85,23,0,0
BRDA:85,23,1,0
BRDA:85,24,0,0
BRDA:85,24,1,0
BRF:50
BRH:0
end_of_record
TN:
SF:app\api\solicitacoes\[id]\route.ts
FN:9,GET
FN:18,PUT
FN:36,DELETE
FNF:3
FNH:0
FNDA:0,GET
FNDA:0,PUT
FNDA:0,DELETE
DA:1,0
DA:2,0
DA:3,0
DA:4,0
DA:5,0
DA:9,0
DA:10,0
DA:11,0
DA:12,0
DA:13,0
DA:14,0
DA:15,0
DA:18,0
DA:19,0
DA:20,0
DA:21,0
DA:22,0
DA:23,0
DA:25,0
DA:26,0
DA:27,0
DA:28,0
DA:29,0
DA:32,0
DA:33,0
DA:36,0
DA:37,0
DA:38,0
DA:39,0
DA:40,0
DA:41,0
LF:31
LH:0
BRDA:11,0,0,0
BRDA:11,0,1,0
BRDA:14,1,0,0
BRDA:14,1,1,0
BRDA:20,2,0,0
BRDA:20,2,1,0
BRDA:26,3,0,0
BRDA:26,3,1,0
BRDA:28,4,0,0
BRDA:28,4,1,0
BRDA:38,5,0,0
BRDA:38,5,1,0
BRF:12
BRH:0
end_of_record
TN:
SF:components\dashboard\dashboard-pdf.tsx
FN:83,pct
FN:86,buildSetores
FN:96,(anonymous_2)
FN:97,(anonymous_3)
FN:101,formatDatePdf
FN:120,Section
FN:121,(anonymous_6)
FN:162,(anonymous_7)
FN:191,(anonymous_8)
FN:242,DashboardPDF
FN:247,(anonymous_10)
FN:307,(anonymous_11)
FN:308,(anonymous_12)
FN:329,(anonymous_13)
FN:341,(anonymous_14)
FN:342,(anonymous_15)
FN:343,(anonymous_16)
FN:344,(anonymous_17)
FN:348,(anonymous_18)
FN:360,(anonymous_19)
FN:361,(anonymous_20)
FN:362,(anonymous_21)
FN:363,(anonymous_22)
FN:367,(anonymous_23)
FN:379,(anonymous_24)
FN:380,(anonymous_25)
FN:381,(anonymous_26)
FN:385,(anonymous_27)
FN:397,(anonymous_28)
FN:398,(anonymous_29)
FN:399,(anonymous_30)
FN:400,(anonymous_31)
FN:404,(anonymous_32)
FNF:33
FNH:0
FNDA:0,pct
FNDA:0,buildSetores
FNDA:0,(anonymous_2)
FNDA:0,(anonymous_3)
FNDA:0,formatDatePdf
FNDA:0,Section
FNDA:0,(anonymous_6)
FNDA:0,(anonymous_7)
FNDA:0,(anonymous_8)
FNDA:0,DashboardPDF
FNDA:0,(anonymous_10)
FNDA:0,(anonymous_11)
FNDA:0,(anonymous_12)
FNDA:0,(anonymous_13)
FNDA:0,(anonymous_14)
FNDA:0,(anonymous_15)
FNDA:0,(anonymous_16)
FNDA:0,(anonymous_17)
FNDA:0,(anonymous_18)
FNDA:0,(anonymous_19)
FNDA:0,(anonymous_20)
FNDA:0,(anonymous_21)
FNDA:0,(anonymous_22)
FNDA:0,(anonymous_23)
FNDA:0,(anonymous_24)
FNDA:0,(anonymous_25)
FNDA:0,(anonymous_26)
FNDA:0,(anonymous_27)
FNDA:0,(anonymous_28)
FNDA:0,(anonymous_29)
FNDA:0,(anonymous_30)
FNDA:0,(anonymous_31)
FNDA:0,(anonymous_32)
DA:3,0
DA:8,0
DA:17,0
DA:36,0
DA:83,0
DA:84,0
DA:87,0
DA:88,0
DA:89,0
DA:90,0
DA:91,0
DA:92,0
DA:93,0
DA:95,0
DA:96,0
DA:97,0
DA:102,0
DA:103,0
DA:121,0
DA:122,0
DA:123,0
DA:124,0
DA:126,0
DA:128,0
DA:163,0
DA:192,0
DA:193,0
DA:194,0
DA:195,0
DA:196,0
DA:242,0
DA:243,0
DA:244,0
DA:245,0
DA:247,0
DA:248,0
DA:253,0
DA:308,0
DA:309,0
DA:310,0
DA:311,0
DA:329,0
DA:341,0
DA:342,0
DA:343,0
DA:344,0
DA:348,0
DA:360,0
DA:361,0
DA:362,0
DA:363,0
DA:367,0
DA:379,0
DA:380,0
DA:381,0
DA:385,0
DA:397,0
DA:398,0
DA:399,0
DA:400,0
DA:404,0
LF:61
LH:0
BRDA:83,0,0,0
BRDA:83,0,1,0
BRDA:89,1,0,0
BRDA:89,1,1,0
BRDA:89,1,2,0
[...]
DA:8,0
DA:9,0
DA:10,0
DA:12,0
DA:20,0
DA:44,0
DA:45,0
DA:46,0
DA:47,0
DA:48,0
DA:49,0
DA:51,0
DA:63,0
DA:64,0
DA:65,0
DA:68,0
DA:69,0
DA:70,0
DA:71,0
DA:73,0
DA:81,0
DA:82,0
DA:83,0
DA:84,0
DA:85,0
DA:87,0
DA:89,0
DA:94,0
DA:95,0
DA:96,0
DA:97,0
DA:98,0
DA:99,0
DA:100,0
DA:102,0
DA:104,0
DA:108,0
DA:154,0
DA:187,0
DA:215,0
LF:45
LH:0
BRDA:52,0,0,0
BRDA:52,0,1,0
BRDA:54,1,0,0
BRDA:54,1,1,0
BRDA:54,2,0,0
BRDA:54,2,1,0
BRDA:54,3,0,0
BRDA:54,3,1,0
BRDA:55,4,0,0
BRDA:55,4,1,0
BRDA:55,5,0,0
BRDA:55,5,1,0
BRDA:55,6,0,0
BRDA:55,6,1,0
BRDA:56,7,0,0
BRDA:56,7,1,0
BRDA:56,8,0,0
BRDA:56,8,1,0
BRDA:56,9,0,0
BRDA:56,9,1,0
BRDA:58,10,0,0
BRDA:58,10,1,0
BRDA:58,11,0,0
BRDA:58,11,1,0
BRDA:58,12,0,0
BRDA:58,12,1,0
BRDA:59,13,0,0
BRDA:59,13,1,0
BRDA:59,14,0,0
BRDA:59,14,1,0
BRDA:59,15,0,0
BRDA:59,15,1,0
BRDA:59,16,0,0
BRDA:59,16,1,0
BRDA:71,17,0,0
BRDA:71,17,1,0
BRDA:74,18,0,0
BRDA:74,18,1,0
BRDA:76,19,0,0
BRDA:76,19,1,0
BRDA:81,20,0,0
BRDA:81,20,1,0
BRDA:82,21,0,0
BRDA:82,21,1,0
BRDA:83,22,0,0
BRDA:83,22,1,0
BRDA:97,23,0,0
BRDA:97,23,1,0
BRDA:120,24,0,0
BRDA:120,24,1,0
BRDA:122,25,0,0
BRDA:122,25,1,0
BRDA:134,26,0,0
BRDA:134,26,1,0
BRDA:139,27,0,0
BRDA:139,27,1,0
BRDA:143,28,0,0
BRDA:143,28,1,0
BRDA:143,29,0,0
BRDA:143,29,1,0
BRDA:148,30,0,0
BRDA:148,30,1,0
BRDA:150,31,0,0
BRDA:150,31,1,0
BRDA:157,32,0,0
BRDA:157,32,1,0
BRDA:160,33,0,0
BRDA:160,33,1,0
BRDA:169,34,0,0
BRDA:169,34,1,0
BRDA:185,35,0,0
BRDA:185,35,1,0
BRDA:203,36,0,0
BRDA:203,36,1,0
BRDA:204,37,0,0
BRDA:204,37,1,0
BRDA:210,38,0,0
BRDA:210,38,1,0
BRDA:213,39,0,0
BRDA:213,39,1,0
BRDA:213,40,0,0
BRDA:213,40,1,0
BRF:82
BRH:0
end_of_record
TN:
SF:components\system\api-request-toasts.tsx
FN:6,getRequestUrl
FN:12,isReadRequest
FN:18,isInternalApiRequest
FN:33,getApiErrorMessage
FN:47,ApiRequestToasts
FN:48,(anonymous_5)
FN:51,(anonymous_6)
FN:79,(anonymous_7)
FNF:8
FNH:0
FNDA:0,getRequestUrl
FNDA:0,isReadRequest
FNDA:0,isInternalApiRequest
FNDA:0,getApiErrorMessage
FNDA:0,ApiRequestToasts
FNDA:0,(anonymous_5)
FNDA:0,(anonymous_6)
FNDA:0,(anonymous_7)
DA:3,0
DA:4,0
DA:7,0
DA:8,0
DA:9,0
DA:13,0
DA:14,0
DA:15,0
DA:19,0
DA:21,0
DA:23,0
DA:25,0
DA:26,0
DA:27,0
DA:29,0
DA:34,0
DA:36,0
DA:37,0
DA:38,0
DA:39,0
DA:41,0
DA:44,0
DA:47,0
DA:48,0
DA:49,0
DA:51,0
DA:52,0
DA:53,0
DA:56,0
DA:58,0
DA:59,0
DA:61,0
DA:62,0
DA:67,0
DA:69,0
DA:70,0
DA:75,0
DA:79,0
DA:80,0
DA:84,0
LF:40
LH:0
BRDA:7,0,0,0
BRDA:7,0,1,0
BRDA:8,1,0,0
BRDA:8,1,1,0
BRDA:13,2,0,0
BRDA:13,2,1,0
BRDA:13,3,0,0
BRDA:13,3,1,0
BRDA:13,4,0,0
BRDA:13,4,1,0
BRDA:14,5,0,0
BRDA:14,5,1,0
BRDA:14,6,0,0
BRDA:14,6,1,0
BRDA:21,7,0,0
BRDA:21,7,1,0
BRDA:23,8,0,0
BRDA:23,8,1,0
BRDA:27,9,0,0
BRDA:27,9,1,0
BRDA:38,10,0,0
BRDA:38,10,1,0
BRDA:38,11,0,0
BRDA:38,11,1,0
BRDA:38,12,0,0
BRDA:38,12,1,0
BRDA:39,13,0,0
BRDA:39,13,1,0
BRDA:39,14,0,0
BRDA:39,14,1,0
BRDA:39,15,0,0
BRDA:39,15,1,0
BRDA:52,16,0,0
BRDA:52,16,1,0
BRDA:61,17,0,0
BRDA:61,17,1,0
BRDA:61,18,0,0
BRDA:61,18,1,0
BRDA:69,19,0,0
BRDA:69,19,1,0
BRDA:71,20,0,0
BRDA:71,20,1,0
BRF:42
BRH:0
end_of_record
TN:
SF:components\tables\data-table.tsx
FN:23,SkeletonRow
FN:26,(anonymous_1)
FN:35,DataTable
FN:65,(anonymous_3)
FN:67,(anonymous_4)
FN:96,(anonymous_5)
FN:108,(anonymous_6)
FN:111,(anonymous_7)
FN:117,(anonymous_8)
FN:136,(anonymous_9)
FN:146,(anonymous_10)
FNF:11
FNH:11
FNDA:30,SkeletonRow
FNDA:120,(anonymous_1)
FNDA:48,DataTable
FNDA:48,(anonymous_3)
FNDA:192,(anonymous_4)
FNDA:30,(anonymous_5)
FNDA:217,(anonymous_6)
FNDA:2,(anonymous_7)
FNDA:868,(anonymous_8)
FNDA:1,(anonymous_9)
FNDA:1,(anonymous_10)
DA:3,1
DA:7,1
DA:8,1
DA:9,1
DA:24,30
DA:27,120
DA:35,1
DA:39,48
DA:41,48
DA:51,48
DA:66,48
DA:68,192
DA:96,30
DA:109,217
DA:111,2
DA:118,868
DA:136,1
DA:146,1
LF:18
LH:18
BRDA:54,0,0,48
BRDA:54,0,1,3
BRDA:72,1,0,0
BRDA:72,1,1,192
BRDA:74,2,0,192
BRDA:74,2,1,192
BRDA:78,3,0,192
BRDA:78,3,1,192
BRDA:80,4,0,0
BRDA:80,4,1,192
BRDA:82,5,0,0
BRDA:82,5,1,192
BRDA:95,6,0,3
BRDA:95,6,1,45
BRDA:97,7,0,3
BRDA:97,7,1,42
BRDA:111,8,0,0
BRDA:111,8,1,2
BRDA:111,9,0,2
BRDA:111,9,1,2
BRDA:114,10,0,217
BRDA:114,10,1,12
BRDA:132,11,0,45
BRDA:132,11,1,3
BRDA:143,12,0,48
BRDA:143,12,1,1
BRF:26
BRH:22
end_of_record
TN:
SF:components\tables\device-overview-panel.tsx
FN:128,getSetor
FN:132,getRevisionDate
FN:136,isAllocated
FN:140,pct
FN:145,buildPieGradient
FN:147,(anonymous_5)
FN:156,missing
FN:160,daysSince
FN:167,groupByLabel
FN:169,(anonymous_9)
FN:175,(anonymous_10)
FN:182,(anonymous_11)
FN:186,latestDate
FN:189,(anonymous_13)
FN:192,OverviewShell
FN:247,(anonymous_15)
FN:270,(anonymous_16)
FN:281,(anonymous_17)
FN:298,DeviceOverviewPanel
FN:312,(anonymous_19)
FN:321,(anonymous_20)
FN:328,(anonymous_21)
FN:334,(anonymous_22)
FN:385,(anonymous_23)
FN:410,ImpressoraOverviewPanel
FN:411,(anonymous_25)
FN:412,(anonymous_26)
FN:413,(anonymous_27)
FN:417,(anonymous_28)
FN:420,(anonymous_29)
FN:425,(anonymous_30)
FN:426,(anonymous_31)
FN:427,(anonymous_32)
FN:428,(anonymous_33)
FN:429,(anonymous_34)
FN:430,(anonymous_35)
FN:452,(anonymous_36)
FN:463,(anonymous_37)
FN:492,RackOverviewPanel
FN:493,(anonymous_39)
FN:494,(anonymous_40)
FN:496,(anonymous_41)
FN:500,(anonymous_42)
FN:501,(anonymous_43)
FN:502,(anonymous_44)
FN:504,(anonymous_45)
FN:516,(anonymous_46)
FN:539,(anonymous_47)
FN:560,ColaboradorOverviewPanel
FN:561,(anonymous_49)
FN:562,(anonymous_50)
FN:563,(anonymous_51)
FN:564,(anonymous_52)
FN:565,(anonymous_53)
FN:566,(anonymous_54)
FN:567,(anonymous_55)
FN:594,(anonymous_56)
FN:615,AuditOverviewPanel
FN:616,(anonymous_58)
FN:617,(anonymous_59)
FN:618,(anonymous_60)
FN:618,(anonymous_61)
FN:619,(anonymous_62)
FN:620,(anonymous_63)
FN:643,(anonymous_64)
FN:649,(anonymous_65)
FN:669,OverviewLoading
FN:673,(anonymous_67)
FN:695,(anonymous_68)
FN:711,SectionTitle
FN:720,Metric
FN:747,(anonymous_71)
FN:762,OverviewListCard
FN:776,(anonymous_73)
FN:803,OverviewFilterToastDescription
FNF:75
FNH:0
FNDA:0,getSetor
FNDA:0,getRevisionDate
FNDA:0,isAllocated
FNDA:0,pct
FNDA:0,buildPieGradient
FNDA:0,(anonymous_5)
FNDA:0,missing
FNDA:0,daysSince
FNDA:0,groupByLabel
FNDA:0,(anonymous_9)
FNDA:0,(anonymous_10)
FNDA:0,(anonymous_11)
FNDA:0,latestDate
FNDA:0,(anonymous_13)
FNDA:0,OverviewShell
FNDA:0,(anonymous_15)
FNDA:0,(anonymous_16)
FNDA:0,(anonymous_17)
FNDA:0,DeviceOverviewPanel
FNDA:0,(anonymous_19)
FNDA:0,(anonymous_20)
FNDA:0,(anonymous_21)
FNDA:0,(anonymous_22)
FNDA:0,(anonymous_23)
FNDA:0,ImpressoraOverviewPanel
FNDA:0,(anonymous_25)
FNDA:0,(anonymous_26)
FNDA:0,(anonymous_27)
FNDA:0,(anonymous_28)
FNDA:0,(anonymous_29)
FNDA:0,(anonymous_30)
FNDA:0,(anonymous_31)
FNDA:0,(anonymous_32)
FNDA:0,(anonymous_33)
FNDA:0,(anonymous_34)
FNDA:0,(anonymous_35)
FNDA:0,(anonymous_36)
FNDA:0,(anonymous_37)
FNDA:0,RackOverviewPanel
FNDA:0,(anonymous_39)
FNDA:0,(anonymous_40)
FNDA:0,(anonymous_41)
FNDA:0,(anonymous_42)
FNDA:0,(anonymous_43)
FNDA:0,(anonymous_44)
FNDA:0,(anonymous_45)
FNDA:0,(anonymous_46)
FNDA:0,(anonymous_47)
FNDA:0,ColaboradorOverviewPanel
FNDA:0,(anonymous_49)
FNDA:0,(anonymous_50)
FNDA:0,(anonymous_51)
FNDA:0,(anonymous_52)
FNDA:0,(anonymous_53)
FNDA:0,(anonymous_54)
FNDA:0,(anonymous_55)
FNDA:0,(anonymous_56)
FNDA:0,AuditOverviewPanel
FNDA:0,(anonymous_58)
FNDA:0,(anonymous_59)
FNDA:0,(anonymous_60)
FNDA:0,(anonymous_61)
FNDA:0,(anonymous_62)
FNDA:0,(anonymous_63)
FNDA:0,(anonymous_64)
FNDA:0,(anonymous_65)
FNDA:0,OverviewLoading
FNDA:0,(anonymous_67)
FNDA:0,(anonymous_68)
FNDA:0,SectionTitle
FNDA:0,Metric
FNDA:0,(anonymous_71)
FNDA:0,OverviewListCard
FNDA:0,(anonymous_73)
FNDA:0,OverviewFilterToastDescription
DA:4,0
DA:14,0
DA:16,0
DA:126,0
DA:129,0
DA:133,0
DA:137,0
DA:141,0
DA:142,0
DA:146,0
DA:147,0
DA:148,0
DA:149,0
DA:150,0
DA:153,0
DA:157,0
DA:161,0
DA:162,0
DA:163,0
DA:164,0
DA:168,0
DA:170,0
DA:171,0
DA:172,0
DA:175,0
DA:182,0
DA:187,0
DA:189,0
DA:223,0
DA:230,0
DA:248,0
DA:270,0
DA:282,0
DA:298,0
DA:306,0
DA:307,0
DA:308,0
DA:309,0
DA:311,0
DA:313,0
DA:314,0
DA:315,0
DA:316,0
DA:317,0
DA:318,0
DA:321,0
DA:328,0
DA:331,0
DA:334,0
DA:336,0
DA:386,0
DA:410,0
DA:411,0
DA:412,0
DA:413,0
DA:414,0
DA:415,0
DA:417,0
DA:418,0
DA:420,0
DA:421,0
DA:422,0
DA:423,0
DA:425,0
DA:426,0
DA:427,0
DA:428,0
DA:429,0
DA:430,0
DA:432,0
DA:452,0
DA:463,0
DA:492,0
DA:493,0
DA:494,0
DA:495,0
DA:496,0
DA:497,0
DA:498,0
DA:500,0
DA:501,0
DA:502,0
DA:503,0
DA:505,0
DA:506,0
DA:516,0
DA:519,0
DA:539,0
DA:560,0
DA:561,0
DA:562,0
DA:563,0
DA:564,0
DA:565,0
DA:566,0
DA:567,0
DA:568,0
DA:574,0
DA:594,0
DA:615,0
DA:616,0
DA:617,0
DA:618,0
DA:619,0
DA:620,0
DA:621,0
DA:623,0
DA:643,0
DA:649,0
DA:670,0
DA:674,0
DA:696,0
DA:712,0
DA:735,0
DA:742,0
DA:744,0
DA:747,0
DA:763,0
DA:770,0
DA:772,0
DA:776,0
DA:803,0
DA:810,0
DA:817,0
LF:124
LH:0
BRDA:129,0,0,0
BRDA:129,0,1,0
BRDA:129,0,2,0
BRDA:129,0,3,0
BRDA:129,1,0,0
BRDA:129,1,1,0
BRDA:129,2,0,0
BRDA:129,2,1,0
BRDA:133,3,0,0
BRDA:133,3,1,0
BRDA:133,3,2,0
BRDA:133,3,3,0
BRDA:137,4,0,0
BRDA:137,4,1,0
BRDA:137,5,0,0
BRDA:137,5,1,0
BRDA:137,6,0,0
BRDA:137,6,1,0
BRDA:137,7,0,0
BRDA:137,7,1,0
BRDA:137,8,0,0
BRDA:137,8,1,0
BRDA:141,9,0,0
BRDA:141,9,1,0
BRDA:153,10,0,0
BRDA:153,10,1,0
BRDA:157,11,0,0
BRDA:157,11,1,0
BRDA:157,11,2,0
BRDA:161,12,0,0
BRDA:161,12,1,0
BRDA:163,13,0,0
BRDA:163,13,1,0
BRDA:171,14,0,0
BRDA:171,14,1,0
BRDA:171,15,0,0
BRDA:171,15,1,0
BRDA:206,16,0,0
BRDA:223,17,0,0
BRDA:223,17,1,0
BRDA:223,18,0,0
BRDA:223,18,1,0
BRDA:224,19,0,0
BRDA:224,19,1,0
BRDA:224,20,0,0
BRDA:224,20,1,0
BRDA:226,21,0,0
BRDA:226,21,1,0
BRDA:226,22,0,0
BRDA:226,22,1,0
BRDA:227,23,0,0
BRDA:227,23,1,0
BRDA:227,24,0,0
BRDA:227,24,1,0
BRDA:242,25,0,0
BRDA:242,25,1,0
BRDA:275,26,0,0
BRDA:275,26,1,0
BRDA:278,27,0,0
BRDA:278,27,1,0
BRDA:278,28,0,0
BRDA:278,28,1,0
BRDA:279,29,0,0
BRDA:279,29,1,0
BRDA:303,30,0,0
BRDA:314,31,0,0
BRDA:314,31,1,0
BRDA:314,32,0,0
BRDA:314,32,1,0
BRDA:316,33,0,0
BRDA:316,33,1,0
BRDA:348,34,0,0
BRDA:348,34,1,0
BRDA:356,35,0,0
BRDA:356,35,1,0
BRDA:356,36,0,0
BRDA:356,36,1,0
BRDA:360,37,0,0
BRDA:360,37,1,0
BRDA:383,38,0,0
BRDA:383,38,1,0
BRDA:410,39,0,0
BRDA:415,40,0,0
BRDA:415,40,1,0
BRDA:423,41,0,0
BRDA:423,41,1,0
BRDA:423,41,2,0
BRDA:423,41,3,0
BRDA:425,42,0,0
BRDA:425,42,1,0
BRDA:426,43,0,0
BRDA:426,43,1,0
BRDA:430,44,0,0
BRDA:430,44,1,0
BRDA:440,45,0,0
BRDA:440,45,1,0
BRDA:441,46,0,0
BRDA:441,46,1,0
BRDA:442,47,0,0
BRDA:442,47,1,0
BRDA:475,48,0,0
BRDA:475,48,1,0
BRDA:476,49,0,0
BRDA:476,49,1,0
BRDA:477,50,0,0
BRDA:477,50,1,0
BRDA:478,51,0,0
BRDA:478,51,1,0
BRDA:479,52,0,0
BRDA:479,52,1,0
BRDA:480,53,0,0
BRDA:480,53,1,0
BRDA:481,54,0,0
BRDA:481,54,1,0
BRDA:492,55,0,0
BRDA:493,56,0,0
BRDA:493,56,1,0
BRDA:493,57,0,0
BRDA:493,57,1,0
BRDA:494,58,0,0
BRDA:494,58,1,0
BRDA:494,59,0,0
BRDA:494,59,1,0
BRDA:497,60,0,0
BRDA:497,60,1,0
BRDA:497,61,0,0
BRDA:497,61,1,0
BRDA:497,61,2,0
BRDA:500,62,0,0
BRDA:500,62,1,0
BRDA:502,63,0,0
BRDA:502,63,1,0
BRDA:505,64,0,0
BRDA:505,64,1,0
BRDA:505,65,0,0
BRDA:505,65,1,0
BRDA:505,66,0,0
BRDA:505,66,1,0
BRDA:505,67,0,0
BRDA:505,67,1,0
BRDA:507,68,0,0
BRDA:507,68,1,0
BRDA:507,68,2,0
BRDA:508,69,0,0
BRDA:508,69,1,0
BRDA:509,70,0,0
BRDA:509,70,1,0
BRDA:510,71,0,0
BRDA:510,71,1,0
BRDA:510,72,0,0
BRDA:510,72,1,0
BRDA:512,73,0,0
BRDA:512,73,1,0
BRDA:512,74,0,0
BRDA:512,74,1,0
BRDA:526,75,0,0
BRDA:526,75,1,0
BRDA:528,76,0,0
BRDA:528,76,1,0
BRDA:528,77,0,0
BRDA:528,77,1,0
BRDA:529,78,0,0
BRDA:529,78,1,0
BRDA:546,79,0,0
BRDA:546,79,1,0
BRDA:547,80,0,0
BRDA:547,80,1,0
BRDA:548,81,0,0
BRDA:548,81,1,0
BRDA:560,82,0,0
BRDA:562,83,0,0
BRDA:562,83,1,0
BRDA:568,84,0,0
BRDA:568,84,1,0
BRDA:568,84,2,0
BRDA:568,84,3,0
BRDA:583,85,0,0
BRDA:583,85,1,0
BRDA:584,86,0,0
BRDA:584,86,1,0
BRDA:601,87,0,0
BRDA:601,87,1,0
BRDA:602,88,0,0
BRDA:602,88,1,0
BRDA:603,89,0,0
BRDA:603,89,1,0
BRDA:604,90,0,0
BRDA:604,90,1,0
BRDA:615,91,0,0
BRDA:616,92,0,0
BRDA:616,92,1,0
BRDA:618,93,0,0
BRDA:618,93,1,0
BRDA:618,94,0,0
BRDA:618,94,1,0
BRDA:619,95,0,0
BRDA:619,95,1,0
BRDA:620,96,0,0
BRDA:620,96,1,0
BRDA:620,96,2,0
BRDA:621,97,0,0
BRDA:621,97,1,0
BRDA:633,98,0,0
BRDA:633,98,1,0
BRDA:657,99,0,0
BRDA:657,99,1,0
BRDA:724,100,0,0
BRDA:742,101,0,0
BRDA:742,101,1,0
BRDA:742,102,0,0
BRDA:742,102,1,0
BRDA:746,103,0,0
BRDA:746,103,1,0
BRDA:747,104,0,0
BRDA:747,104,1,0
BRDA:747,105,0,0
BRDA:747,105,1,0
BRDA:750,106,0,0
BRDA:750,106,1,0
BRDA:750,106,2,0
BRDA:768,107,0,0
BRDA:768,107,1,0
BRDA:768,108,0,0
BRDA:768,108,1,0
BRDA:770,109,0,0
BRDA:770,109,1,0
BRDA:770,110,0,0
BRDA:770,110,1,0
BRDA:774,111,0,0
BRDA:774,111,1,0
BRDA:775,112,0,0
BRDA:775,112,1,0
BRDA:775,113,0,0
BRDA:775,113,1,0
BRDA:785,114,0,0
BRDA:785,114,1,0
BRDA:785,114,2,0
BRDA:791,115,0,0
BRDA:791,115,1,0
BRDA:792,116,0,0
BRDA:792,116,1,0
BRDA:798,117,0,0
BRDA:798,117,1,0
BRDA:815,118,0,0
BRDA:815,118,1,0
BRDA:815,119,0,0
BRDA:815,119,1,0
BRDA:820,120,0,0
BRDA:820,120,1,0
BRDA:821,121,0,0
BRDA:821,121,1,0
BRF:251
BRH:0
end_of_record
TN:
SF:components\tables\sort-select.tsx
FN:13,SortSelect
FN:19,(anonymous_1)
FN:25,(anonymous_2)
FNF:3
FNH:0
FNDA:0,SortSelect
FNDA:0,(anonymous_1)
FNDA:0,(anonymous_2)
DA:8,0
DA:13,0
DA:14,0
DA:16,0
DA:20,0
DA:21,0
DA:26,0
LF:7
LH:0
BRDA:13,0,0,0
BRF:1
BRH:0
end_of_record
TN:
SF:hooks\use-colaboradores-search.ts
FN:9,useColaboradoresSearch
FN:14,(anonymous_1)
FN:18,(anonymous_2)
FN:32,(anonymous_3)
FNF:4
FNH:0
FNDA:0,useColaboradoresSearch
FNDA:0,(anonymous_1)
FNDA:0,(anonymous_2)
FNDA:0,(anonymous_3)
DA:1,0
DA:9,0
DA:10,0
DA:11,0
DA:12,0
DA:14,0
DA:15,0
DA:16,0
DA:18,0
DA:19,0
DA:20,0
DA:21,0
DA:23,0
DA:24,0
DA:26,0
DA:27,0
DA:28,0
DA:32,0
DA:35,0
LF:19
LH:0
BRDA:20,0,0,0
BRDA:20,0,1,0
BRDA:26,1,0,0
BRDA:26,1,1,0
BRDA:27,2,0,0
BRDA:27,2,1,0
BRF:6
BRH:0
end_of_record
TN:
SF:hooks\use-create.ts
FN:4,useCreate
FN:7,create
FN:16,(anonymous_2)
FNF:3
FNH:0
FNDA:0,useCreate
FNDA:0,create
FNDA:0,(anonymous_2)
DA:1,0
DA:2,0
DA:4,0
DA:5,0
DA:8,0
DA:9,0
DA:10,0
DA:15,0
DA:16,0
DA:17,0
DA:19,0
DA:20,0
DA:21,0
DA:23,0
DA:24,0
DA:26,0
DA:30,0
LF:17
LH:0
BRDA:15,0,0,0
BRDA:15,0,1,0
BRDA:17,1,0,0
BRDA:17,1,1,0
BRDA:20,2,0,0
BRDA:20,2,1,0
BRDA:20,3,0,0
BRDA:20,3,1,0
BRDA:23,4,0,0
BRDA:23,4,1,0
BRF:10
BRH:0
end_of_record
TN:
SF:hooks\use-crud.ts
FN:4,useCrud
FN:8,update
FN:26,remove
FNF:3
FNH:3
FNDA:35,useCrud
FNDA:9,update
FNDA:6,remove
DA:1,1
DA:2,1
DA:4,1
DA:5,35
DA:6,35
DA:9,9
DA:10,9
DA:11,9
DA:16,8
DA:17,5
DA:18,5
DA:20,4
DA:22,9
DA:27,6
DA:28,6
DA:29,6
DA:30,5
DA:31,4
DA:32,4
DA:34,2
DA:36,6
DA:40,35
LF:22
LH:22
BRDA:16,0,0,2
BRDA:16,0,1,5
BRDA:18,1,0,4
BRDA:18,1,1,1
BRDA:18,2,0,5
BRDA:18,2,1,5
BRDA:30,3,0,1
BRDA:30,3,1,4
BRDA:32,4,0,3
BRDA:32,4,1,1
BRDA:32,5,0,4
BRDA:32,5,1,4
BRF:12
BRH:12
end_of_record
TN:
SF:hooks\use-fetch-data.ts
FN:14,useFetchData
FN:29,(anonymous_1)
FN:32,fetchData
FN:33,(anonymous_3)
FN:36,(anonymous_4)
FN:73,(anonymous_5)
FN:79,(anonymous_6)
FN:90,oo_cm
FNF:8
FNH:8
FNDA:45,useFetchData
FNDA:15,(anonymous_1)
FNDA:19,fetchData
FNDA:19,(anonymous_3)
FNDA:4,(anonymous_4)
FNDA:2,(anonymous_5)
FNDA:15,(anonymous_6)
FNDA:2,oo_cm
DA:3,1
DA:4,1
DA:5,1
DA:14,1
DA:20,45
DA:21,45
DA:27,45
DA:29,45
DA:30,15
DA:33,19
DA:35,19
DA:36,19
DA:37,4
DA:40,19
DA:41,19
DA:43,17
DA:45,5
DA:46,4
DA:47,4
DA:48,4
DA:50,1
DA:51,1
DA:54,12
DA:55,1
DA:58,11
DA:60,11
DA:61,10
DA:62,10
DA:70,2
DA:71,2
DA:72,2
DA:73,2
DA:78,15
DA:79,15
DA:82,45
DA:90,2
LF:36
LH:36
BRDA:37,0,0,2
BRDA:37,0,1,2
BRDA:43,1,0,5
BRDA:43,1,1,12
BRDA:45,2,0,4
BRDA:45,2,1,1
BRDA:54,3,0,1
BRDA:54,3,1,11
BRDA:60,4,0,10
BRDA:60,4,1,1
BRDA:63,5,0,10
BRDA:63,5,1,1
BRDA:64,6,0,10
BRDA:64,6,1,7
BRDA:65,7,0,10
BRDA:65,7,1,0
BRDA:70,8,0,2
BRDA:70,8,1,0
BRDA:90,9,0,2
BRDA:90,9,1,1
BRF:20
BRH:18
end_of_record
TN:
SF:lib\audit-constants.ts
FNF:0
FNH:0
DA:14,0
DA:23,0
DA:32,0
LF:3
LH:0
BRF:0
BRH:0
end_of_record
TN:
SF:lib\audit.ts
FN:39,registrarAuditoria
FN:59,getAuditSession
FN:68,descricaoDiff
FN:90,oo_cm
FNF:4
FNH:1
FNDA:0,registrarAuditoria
FNDA:0,getAuditSession
FNDA:13,descricaoDiff
FNDA:0,oo_cm
DA:1,1
DA:2,1
DA:3,1
DA:13,1
DA:39,1
DA:40,0
DA:41,0
DA:55,0
DA:59,1
DA:60,0
DA:61,0
DA:68,1
DA:72,13
DA:73,13
DA:75,13
DA:76,26
DA:77,22
DA:78,14
DA:82,13
DA:90,1
LF:20
LH:15
BRDA:46,0,0,0
BRDA:46,0,1,0
BRDA:46,1,0,0
BRDA:46,1,1,0
BRDA:47,2,0,0
BRDA:47,2,1,0
BRDA:47,3,0,0
BRDA:47,3,1,0
BRDA:48,4,0,0
BRDA:48,4,1,0
BRDA:48,5,0,0
BRDA:48,5,1,0
BRDA:49,6,0,0
BRDA:49,6,1,0
BRDA:49,7,0,0
BRDA:49,7,1,0
BRDA:50,8,0,0
BRDA:50,8,1,0
BRDA:50,9,0,0
BRDA:50,9,1,0
BRDA:62,10,0,0
BRDA:62,10,1,0
BRDA:62,11,0,0
BRDA:62,11,1,0
BRDA:62,12,0,0
BRDA:62,12,1,0
BRDA:62,13,0,0
BRDA:62,13,1,0
BRDA:62,14,0,0
BRDA:62,14,1,0
BRDA:62,15,0,0
BRDA:62,15,1,0
BRDA:63,16,0,0
BRDA:63,16,1,0
BRDA:63,17,0,0
BRDA:63,17,1,0
BRDA:63,18,0,0
BRDA:63,18,1,0
BRDA:63,19,0,0
BRDA:63,19,1,0
BRDA:63,20,0,0
BRDA:63,20,1,0
BRDA:63,21,0,0
BRDA:63,21,1,0
BRDA:76,22,0,4
BRDA:76,22,1,22
BRDA:77,23,0,14
BRDA:77,23,1,8
BRDA:78,24,0,12
BRDA:78,24,1,2
BRDA:78,25,0,14
BRDA:78,25,1,13
BRDA:78,26,0,14
BRDA:78,26,1,0
BRDA:78,27,0,14
BRDA:78,27,1,14
BRDA:82,28,0,11
BRDA:82,28,1,2
BRDA:90,29,0,0
BRDA:90,29,1,0
BRF:60
BRH:13
end_of_record
TN:
SF:lib\auth.ts
FN:14,(anonymous_1)
FN:36,(anonymous_2)
FN:43,(anonymous_3)
FNF:3
FNH:0
FNDA:0,(anonymous_1)
FNDA:0,(anonymous_2)
FNDA:0,(anonymous_3)
DA:2,0
DA:3,0
DA:4,0
DA:6,0
DA:15,0
DA:17,0
DA:21,0
DA:23,0
DA:24,0
DA:26,0
DA:37,0
DA:38,0
DA:39,0
DA:41,0
DA:44,0
DA:45,0
DA:46,0
DA:48,0
LF:18
LH:0
BRDA:15,0,0,0
BRDA:15,0,1,0
BRDA:15,1,0,0
BRDA:15,1,1,0
BRDA:15,2,0,0
BRDA:15,2,1,0
BRDA:15,3,0,0
BRDA:15,3,1,0
BRDA:15,4,0,0
BRDA:15,4,1,0
BRDA:15,5,0,0
BRDA:15,5,1,0
BRDA:21,6,0,0
BRDA:21,6,1,0
BRDA:24,7,0,0
BRDA:24,7,1,0
BRDA:37,8,0,0
BRDA:37,8,1,0
BRDA:44,9,0,0
BRDA:44,9,1,0
BRDA:44,10,0,0
BRDA:44,10,1,0
BRF:22
BRH:0
end_of_record
TN:
SF:lib\prisma.ts
FNF:0
FNH:0
DA:1,0
DA:3,0
DA:7,0
DA:13,0
LF:4
LH:0
BRDA:8,0,0,0
BRDA:8,0,1,0
BRDA:8,1,0,0
BRDA:8,1,1,0
BRDA:13,2,0,0
BRDA:13,2,1,0
BRF:6
BRH:0
end_of_record
TN:
SF:lib\utils.ts
FN:6,cn
FN:10,formatDate
FN:20,formatDateTime
FN:96,mapTipoDispositivo
FN:102,mapTipoMovimentacao
FN:108,mapTipoSolicitacao
FN:114,mapStatusSolicitacao
FN:120,mapPrioridade
FN:126,mapOrigem
FN:132,mapTipoAparelho
FNF:10
FNH:4
FNDA:5,cn
FNDA:6,formatDate
FNDA:5,formatDateTime
FNDA:12,mapTipoDispositivo
FNDA:0,mapTipoMovimentacao
FNDA:0,mapTipoSolicitacao
FNDA:0,mapStatusSolicitacao
FNDA:0,mapPrioridade
FNDA:0,mapOrigem
FNDA:0,mapTipoAparelho
DA:1,1
DA:2,1
DA:3,1
DA:4,1
DA:6,1
DA:7,5
DA:10,1
DA:11,6
DA:12,3
DA:13,3
DA:14,3
DA:16,1
DA:20,1
DA:21,5
DA:22,3
DA:23,3
DA:24,3
DA:26,1
DA:32,1
DA:41,1
DA:50,1
DA:59,1
DA:67,1
DA:75,1
DA:83,1
DA:93,1
DA:94,1
DA:96,1
DA:97,12
DA:98,10
DA:99,10
DA:102,1
DA:103,0
DA:104,0
DA:105,0
DA:108,1
DA:109,0
DA:110,0
DA:111,0
DA:114,1
DA:115,0
DA:116,0
DA:117,0
DA:120,1
DA:121,0
DA:122,0
DA:123,0
DA:126,1
DA:127,0
DA:128,0
DA:129,0
DA:132,1
DA:133,0
DA:134,0
DA:135,0
LF:55
LH:37
BRDA:11,0,0,3
BRDA:11,0,1,3
BRDA:13,1,0,2
BRDA:13,1,1,1
BRDA:21,2,0,2
BRDA:21,2,1,3
BRDA:23,3,0,3
BRDA:23,3,1,0
BRDA:97,4,0,2
BRDA:97,4,1,10
BRDA:97,5,0,12
BRDA:97,5,1,11
BRDA:98,6,0,3
BRDA:98,6,1,7
BRDA:99,7,0,10
BRDA:99,7,1,2
BRDA:103,8,0,0
BRDA:103,8,1,0
BRDA:103,9,0,0
BRDA:103,9,1,0
BRDA:104,10,0,0
BRDA:104,10,1,0
BRDA:105,11,0,0
BRDA:105,11,1,0
BRDA:109,12,0,0
BRDA:109,12,1,0
BRDA:109,13,0,0
BRDA:109,13,1,0
BRDA:110,14,0,0
BRDA:110,14,1,0
BRDA:111,15,0,0
BRDA:111,15,1,0
BRDA:115,16,0,0
BRDA:115,16,1,0
BRDA:115,17,0,0
BRDA:115,17,1,0
BRDA:116,18,0,0
BRDA:116,18,1,0
BRDA:117,19,0,0
BRDA:117,19,1,0
BRDA:121,20,0,0
BRDA:121,20,1,0
BRDA:121,21,0,0
BRDA:121,21,1,0
BRDA:122,22,0,0
BRDA:122,22,1,0
BRDA:123,23,0,0
BRDA:123,23,1,0
BRDA:127,24,0,0
BRDA:127,24,1,0
BRDA:127,25,0,0
BRDA:127,25,1,0
BRDA:128,26,0,0
BRDA:128,26,1,0
BRDA:129,27,0,0
BRDA:129,27,1,0
BRDA:133,28,0,0
BRDA:133,28,1,0
BRDA:133,29,0,0
BRDA:133,29,1,0
BRDA:134,30,0,0
BRDA:134,30,1,0
BRDA:135,31,0,0
BRDA:135,31,1,0
BRF:64
BRH:15
end_of_record
TN:
SF:lib\zod-helpers.ts
FN:6,(anonymous_0)
FN:13,(anonymous_1)
FN:16,(anonymous_2)
FNF:3
FNH:3
FNDA:10,(anonymous_0)
FNDA:3,(anonymous_1)
FNDA:16,(anonymous_2)
DA:1,1
DA:4,1
DA:7,10
DA:8,7
DA:9,7
DA:13,1
DA:14,3
DA:17,16
DA:18,9
DA:19,9
LF:10
LH:10
BRDA:7,0,0,3
BRDA:7,0,1,7
BRDA:7,1,0,10
BRDA:7,1,1,9
BRDA:7,1,2,8
BRDA:9,2,0,1
BRDA:9,2,1,6
BRDA:17,3,0,7
BRDA:17,3,1,9
BRDA:17,4,0,16
BRDA:17,4,1,13
BRDA:17,4,2,11
BRDA:19,5,0,3
BRDA:19,5,1,6
BRF:14
BRH:14
end_of_record
